//------------------------------------------------------------------------------
//--  Generated by TunerStudio 
//--  Date: 10-10-2010
//--  Time: 18:22
//--  This file merely records what was sent to your Controller,        
//--  and may be deleted at any time.                                                    
//--  Selected type: AFR Table 
//------------------------------------------------------------------------------

//-- generated using formula: adcValue    * 0.0097752 + 9 
//-- Table Identifier:002

ADC 	Value 	MSVal 	volts
0	9.00	90 	0.000
1	9.01	90 	0.005
2	9.02	90 	0.010
3	9.03	90 	0.015
4	9.04	90 	0.020
5	9.05	90 	0.024
6	9.06	91 	0.029
7	9.07	91 	0.034
8	9.08	91 	0.039
9	9.09	91 	0.044
10	9.10	91 	0.049
11	9.11	91 	0.054
12	9.12	91 	0.059
13	9.13	91 	0.063
14	9.14	91 	0.068
15	9.15	91 	0.073
16	9.16	92 	0.078
17	9.17	92 	0.083
18	9.18	92 	0.088
19	9.19	92 	0.093
20	9.20	92 	0.098
21	9.21	92 	0.103
22	9.22	92 	0.107
23	9.22	92 	0.112
24	9.23	92 	0.117
25	9.24	92 	0.122
26	9.25	93 	0.127
27	9.26	93 	0.132
28	9.27	93 	0.137
29	9.28	93 	0.142
30	9.29	93 	0.146
31	9.30	93 	0.151
32	9.31	93 	0.156
33	9.32	93 	0.161
34	9.33	93 	0.166
35	9.34	93 	0.171
36	9.35	94 	0.176
37	9.36	94 	0.181
38	9.37	94 	0.186
39	9.38	94 	0.190
40	9.39	94 	0.195
41	9.40	94 	0.200
42	9.41	94 	0.205
43	9.42	94 	0.210
44	9.43	94 	0.215
45	9.44	94 	0.220
46	9.45	94 	0.225
47	9.46	95 	0.229
48	9.47	95 	0.234
49	9.48	95 	0.239
50	9.49	95 	0.244
51	9.50	95 	0.249
52	9.51	95 	0.254
53	9.52	95 	0.259
54	9.53	95 	0.264
55	9.54	95 	0.269
56	9.55	95 	0.273
57	9.56	96 	0.278
58	9.57	96 	0.283
59	9.58	96 	0.288
60	9.59	96 	0.293
61	9.60	96 	0.298
62	9.61	96 	0.303
63	9.62	96 	0.308
64	9.63	96 	0.313
65	9.64	96 	0.317
66	9.65	96 	0.322
67	9.65	97 	0.327
68	9.66	97 	0.332
69	9.67	97 	0.337
70	9.68	97 	0.342
71	9.69	97 	0.347
72	9.70	97 	0.352
73	9.71	97 	0.356
74	9.72	97 	0.361
75	9.73	97 	0.366
76	9.74	97 	0.371
77	9.75	98 	0.376
78	9.76	98 	0.381
79	9.77	98 	0.386
80	9.78	98 	0.391
81	9.79	98 	0.396
82	9.80	98 	0.400
83	9.81	98 	0.405
84	9.82	98 	0.410
85	9.83	98 	0.415
86	9.84	98 	0.420
87	9.85	99 	0.425
88	9.86	99 	0.430
89	9.87	99 	0.435
90	9.88	99 	0.439
91	9.89	99 	0.444
92	9.90	99 	0.449
93	9.91	99 	0.454
94	9.92	99 	0.459
95	9.93	99 	0.464
96	9.94	99 	0.469
97	9.95	99 	0.474
98	9.96	100 	0.479
99	9.97	100 	0.483
100	9.98	100 	0.488
101	9.99	100 	0.493
102	10.00	100 	0.498
103	10.01	100 	0.503
104	10.02	100 	0.508
105	10.03	100 	0.513
106	10.04	100 	0.518
107	10.05	100 	0.522
108	10.06	101 	0.527
109	10.07	101 	0.532
110	10.08	101 	0.537
111	10.09	101 	0.542
112	10.09	101 	0.547
113	10.10	101 	0.552
114	10.11	101 	0.557
115	10.12	101 	0.562
116	10.13	101 	0.566
117	10.14	101 	0.571
118	10.15	102 	0.576
119	10.16	102 	0.581
120	10.17	102 	0.586
121	10.18	102 	0.591
122	10.19	102 	0.596
123	10.20	102 	0.601
124	10.21	102 	0.605
125	10.22	102 	0.610
126	10.23	102 	0.615
127	10.24	102 	0.620
128	10.25	103 	0.625
129	10.26	103 	0.630
130	10.27	103 	0.635
131	10.28	103 	0.640
132	10.29	103 	0.645
133	10.30	103 	0.649
134	10.31	103 	0.654
135	10.32	103 	0.659
136	10.33	103 	0.664
137	10.34	103 	0.669
138	10.35	103 	0.674
139	10.36	104 	0.679
140	10.37	104 	0.684
141	10.38	104 	0.688
142	10.39	104 	0.693
143	10.40	104 	0.698
144	10.41	104 	0.703
145	10.42	104 	0.708
146	10.43	104 	0.713
147	10.44	104 	0.718
148	10.45	104 	0.723
149	10.46	105 	0.728
150	10.47	105 	0.732
151	10.48	105 	0.737
152	10.49	105 	0.742
153	10.50	105 	0.747
154	10.51	105 	0.752
155	10.52	105 	0.757
156	10.52	105 	0.762
157	10.53	105 	0.767
158	10.54	105 	0.771
159	10.55	106 	0.776
160	10.56	106 	0.781
161	10.57	106 	0.786
162	10.58	106 	0.791
163	10.59	106 	0.796
164	10.60	106 	0.801
165	10.61	106 	0.806
166	10.62	106 	0.811
167	10.63	106 	0.815
168	10.64	106 	0.820
169	10.65	107 	0.825
170	10.66	107 	0.830
171	10.67	107 	0.835
172	10.68	107 	0.840
173	10.69	107 	0.845
174	10.70	107 	0.850
175	10.71	107 	0.854
176	10.72	107 	0.859
177	10.73	107 	0.864
178	10.74	107 	0.869
179	10.75	107 	0.874
180	10.76	108 	0.879
181	10.77	108 	0.884
182	10.78	108 	0.889
183	10.79	108 	0.894
184	10.80	108 	0.898
185	10.81	108 	0.903
186	10.82	108 	0.908
187	10.83	108 	0.913
188	10.84	108 	0.918
189	10.85	108 	0.923
190	10.86	109 	0.928
191	10.87	109 	0.933
192	10.88	109 	0.938
193	10.89	109 	0.942
194	10.90	109 	0.947
195	10.91	109 	0.952
196	10.92	109 	0.957
197	10.93	109 	0.962
198	10.94	109 	0.967
199	10.95	109 	0.972
200	10.96	110 	0.977
201	10.96	110 	0.981
202	10.97	110 	0.986
203	10.98	110 	0.991
204	10.99	110 	0.996
205	11.00	110 	1.001
206	11.01	110 	1.006
207	11.02	110 	1.011
208	11.03	110 	1.016
209	11.04	110 	1.021
210	11.05	111 	1.025
211	11.06	111 	1.030
212	11.07	111 	1.035
213	11.08	111 	1.040
214	11.09	111 	1.045
215	11.10	111 	1.050
216	11.11	111 	1.055
217	11.12	111 	1.060
218	11.13	111 	1.064
219	11.14	111 	1.069
220	11.15	112 	1.074
221	11.16	112 	1.079
222	11.17	112 	1.084
223	11.18	112 	1.089
224	11.19	112 	1.094
225	11.20	112 	1.099
226	11.21	112 	1.104
227	11.22	112 	1.108
228	11.23	112 	1.113
229	11.24	112 	1.118
230	11.25	112 	1.123
231	11.26	113 	1.128
232	11.27	113 	1.133
233	11.28	113 	1.138
234	11.29	113 	1.143
235	11.30	113 	1.147
236	11.31	113 	1.152
237	11.32	113 	1.157
238	11.33	113 	1.162
239	11.34	113 	1.167
240	11.35	113 	1.172
241	11.36	114 	1.177
242	11.37	114 	1.182
243	11.38	114 	1.187
244	11.39	114 	1.191
245	11.39	114 	1.196
246	11.40	114 	1.201
247	11.41	114 	1.206
248	11.42	114 	1.211
249	11.43	114 	1.216
250	11.44	114 	1.221
251	11.45	115 	1.226
252	11.46	115 	1.230
253	11.47	115 	1.235
254	11.48	115 	1.240
255	11.49	115 	1.245
256	11.50	115 	1.250
257	11.51	115 	1.255
258	11.52	115 	1.260
259	11.53	115 	1.265
260	11.54	115 	1.270
261	11.55	116 	1.274
262	11.56	116 	1.279
263	11.57	116 	1.284
264	11.58	116 	1.289
265	11.59	116 	1.294
266	11.60	116 	1.299
267	11.61	116 	1.304
268	11.62	116 	1.309
269	11.63	116 	1.313
270	11.64	116 	1.318
271	11.65	116 	1.323
272	11.66	117 	1.328
273	11.67	117 	1.333
274	11.68	117 	1.338
275	11.69	117 	1.343
276	11.70	117 	1.348
277	11.71	117 	1.353
278	11.72	117 	1.357
279	11.73	117 	1.362
280	11.74	117 	1.367
281	11.75	117 	1.372
282	11.76	118 	1.377
283	11.77	118 	1.382
284	11.78	118 	1.387
285	11.79	118 	1.392
286	11.80	118 	1.396
287	11.81	118 	1.401
288	11.82	118 	1.406
289	11.83	118 	1.411
290	11.83	118 	1.416
291	11.84	118 	1.421
292	11.85	119 	1.426
293	11.86	119 	1.431
294	11.87	119 	1.436
295	11.88	119 	1.440
296	11.89	119 	1.445
297	11.90	119 	1.450
298	11.91	119 	1.455
299	11.92	119 	1.460
300	11.93	119 	1.465
301	11.94	119 	1.470
302	11.95	120 	1.475
303	11.96	120 	1.479
304	11.97	120 	1.484
305	11.98	120 	1.489
306	11.99	120 	1.494
307	12.00	120 	1.499
308	12.01	120 	1.504
309	12.02	120 	1.509
310	12.03	120 	1.514
311	12.04	120 	1.519
312	12.05	120 	1.523
313	12.06	121 	1.528
314	12.07	121 	1.533
315	12.08	121 	1.538
316	12.09	121 	1.543
317	12.10	121 	1.548
318	12.11	121 	1.553
319	12.12	121 	1.558
320	12.13	121 	1.563
321	12.14	121 	1.567
322	12.15	121 	1.572
323	12.16	122 	1.577
324	12.17	122 	1.582
325	12.18	122 	1.587
326	12.19	122 	1.592
327	12.20	122 	1.597
328	12.21	122 	1.602
329	12.22	122 	1.606
330	12.23	122 	1.611
331	12.24	122 	1.616
332	12.25	122 	1.621
333	12.26	123 	1.626
334	12.26	123 	1.631
335	12.27	123 	1.636
336	12.28	123 	1.641
337	12.29	123 	1.646
338	12.30	123 	1.650
339	12.31	123 	1.655
340	12.32	123 	1.660
341	12.33	123 	1.665
342	12.34	123 	1.670
343	12.35	124 	1.675
344	12.36	124 	1.680
345	12.37	124 	1.685
346	12.38	124 	1.689
347	12.39	124 	1.694
348	12.40	124 	1.699
349	12.41	124 	1.704
350	12.42	124 	1.709
351	12.43	124 	1.714
352	12.44	124 	1.719
353	12.45	125 	1.724
354	12.46	125 	1.729
355	12.47	125 	1.733
356	12.48	125 	1.738
357	12.49	125 	1.743
358	12.50	125 	1.748
359	12.51	125 	1.753
360	12.52	125 	1.758
361	12.53	125 	1.763
362	12.54	125 	1.768
363	12.55	125 	1.772
364	12.56	126 	1.777
365	12.57	126 	1.782
366	12.58	126 	1.787
367	12.59	126 	1.792
368	12.60	126 	1.797
369	12.61	126 	1.802
370	12.62	126 	1.807
371	12.63	126 	1.812
372	12.64	126 	1.816
373	12.65	126 	1.821
374	12.66	127 	1.826
375	12.67	127 	1.831
376	12.68	127 	1.836
377	12.69	127 	1.841
378	12.70	127 	1.846
379	12.70	127 	1.851
380	12.71	127 	1.855
381	12.72	127 	1.860
382	12.73	127 	1.865
383	12.74	127 	1.870
384	12.75	128 	1.875
385	12.76	128 	1.880
386	12.77	128 	1.885
387	12.78	128 	1.890
388	12.79	128 	1.895
389	12.80	128 	1.899
390	12.81	128 	1.904
391	12.82	128 	1.909
392	12.83	128 	1.914
393	12.84	128 	1.919
394	12.85	129 	1.924
395	12.86	129 	1.929
396	12.87	129 	1.934
397	12.88	129 	1.938
398	12.89	129 	1.943
399	12.90	129 	1.948
400	12.91	129 	1.953
401	12.92	129 	1.958
402	12.93	129 	1.963
403	12.94	129 	1.968
404	12.95	129 	1.973
405	12.96	130 	1.978
406	12.97	130 	1.982
407	12.98	130 	1.987
408	12.99	130 	1.992
409	13.00	130 	1.997
410	13.01	130 	2.002
411	13.02	130 	2.007
412	13.03	130 	2.012
413	13.04	130 	2.017
414	13.05	130 	2.021
415	13.06	131 	2.026
416	13.07	131 	2.031
417	13.08	131 	2.036
418	13.09	131 	2.041
419	13.10	131 	2.046
420	13.11	131 	2.051
421	13.12	131 	2.056
422	13.13	131 	2.061
423	13.13	131 	2.065
424	13.14	131 	2.070
425	13.15	132 	2.075
426	13.16	132 	2.080
427	13.17	132 	2.085
428	13.18	132 	2.090
429	13.19	132 	2.095
430	13.20	132 	2.100
431	13.21	132 	2.104
432	13.22	132 	2.109
433	13.23	132 	2.114
434	13.24	132 	2.119
435	13.25	133 	2.124
436	13.26	133 	2.129
437	13.27	133 	2.134
438	13.28	133 	2.139
439	13.29	133 	2.144
440	13.30	133 	2.148
441	13.31	133 	2.153
442	13.32	133 	2.158
443	13.33	133 	2.163
444	13.34	133 	2.168
445	13.35	133 	2.173
446	13.36	134 	2.178
447	13.37	134 	2.183
448	13.38	134 	2.188
449	13.39	134 	2.192
450	13.40	134 	2.197
451	13.41	134 	2.202
452	13.42	134 	2.207
453	13.43	134 	2.212
454	13.44	134 	2.217
455	13.45	134 	2.222
456	13.46	135 	2.227
457	13.47	135 	2.231
458	13.48	135 	2.236
459	13.49	135 	2.241
460	13.50	135 	2.246
461	13.51	135 	2.251
462	13.52	135 	2.256
463	13.53	135 	2.261
464	13.54	135 	2.266
465	13.55	135 	2.271
466	13.56	136 	2.275
467	13.57	136 	2.280
468	13.57	136 	2.285
469	13.58	136 	2.290
470	13.59	136 	2.295
471	13.60	136 	2.300
472	13.61	136 	2.305
473	13.62	136 	2.310
474	13.63	136 	2.314
475	13.64	136 	2.319
476	13.65	137 	2.324
477	13.66	137 	2.329
478	13.67	137 	2.334
479	13.68	137 	2.339
480	13.69	137 	2.344
481	13.70	137 	2.349
482	13.71	137 	2.354
483	13.72	137 	2.358
484	13.73	137 	2.363
485	13.74	137 	2.368
486	13.75	138 	2.373
487	13.76	138 	2.378
488	13.77	138 	2.383
489	13.78	138 	2.388
490	13.79	138 	2.393
491	13.80	138 	2.397
492	13.81	138 	2.402
493	13.82	138 	2.407
494	13.83	138 	2.412
495	13.84	138 	2.417
496	13.85	138 	2.422
497	13.86	139 	2.427
498	13.87	139 	2.432
499	13.88	139 	2.437
500	13.89	139 	2.441
501	13.90	139 	2.446
502	13.91	139 	2.451
503	13.92	139 	2.456
504	13.93	139 	2.461
505	13.94	139 	2.466
506	13.95	139 	2.471
507	13.96	140 	2.476
508	13.97	140 	2.480
509	13.98	140 	2.485
510	13.99	140 	2.490
511	14.00	140 	2.495
512	14.00	140 	2.500
513	14.01	140 	2.505
514	14.02	140 	2.510
515	14.03	140 	2.515
516	14.04	140 	2.520
517	14.05	141 	2.524
518	14.06	141 	2.529
519	14.07	141 	2.534
520	14.08	141 	2.539
521	14.09	141 	2.544
522	14.10	141 	2.549
523	14.11	141 	2.554
524	14.12	141 	2.559
525	14.13	141 	2.563
526	14.14	141 	2.568
527	14.15	142 	2.573
528	14.16	142 	2.578
529	14.17	142 	2.583
530	14.18	142 	2.588
531	14.19	142 	2.593
532	14.20	142 	2.598
533	14.21	142 	2.603
534	14.22	142 	2.607
535	14.23	142 	2.612
536	14.24	142 	2.617
537	14.25	142 	2.622
538	14.26	143 	2.627
539	14.27	143 	2.632
540	14.28	143 	2.637
541	14.29	143 	2.642
542	14.30	143 	2.646
543	14.31	143 	2.651
544	14.32	143 	2.656
545	14.33	143 	2.661
546	14.34	143 	2.666
547	14.35	143 	2.671
548	14.36	144 	2.676
549	14.37	144 	2.681
550	14.38	144 	2.686
551	14.39	144 	2.690
552	14.40	144 	2.695
553	14.41	144 	2.700
554	14.42	144 	2.705
555	14.43	144 	2.710
556	14.44	144 	2.715
557	14.44	144 	2.720
558	14.45	145 	2.725
559	14.46	145 	2.729
560	14.47	145 	2.734
561	14.48	145 	2.739
562	14.49	145 	2.744
563	14.50	145 	2.749
564	14.51	145 	2.754
565	14.52	145 	2.759
566	14.53	145 	2.764
567	14.54	145 	2.769
568	14.55	146 	2.773
569	14.56	146 	2.778
570	14.57	146 	2.783
571	14.58	146 	2.788
572	14.59	146 	2.793
573	14.60	146 	2.798
574	14.61	146 	2.803
575	14.62	146 	2.808
576	14.63	146 	2.813
577	14.64	146 	2.817
578	14.65	147 	2.822
579	14.66	147 	2.827
580	14.67	147 	2.832
581	14.68	147 	2.837
582	14.69	147 	2.842
583	14.70	147 	2.847
584	14.71	147 	2.852
585	14.72	147 	2.856
586	14.73	147 	2.861
587	14.74	147 	2.866
588	14.75	147 	2.871
589	14.76	148 	2.876
590	14.77	148 	2.881
591	14.78	148 	2.886
592	14.79	148 	2.891
593	14.80	148 	2.896
594	14.81	148 	2.900
595	14.82	148 	2.905
596	14.83	148 	2.910
597	14.84	148 	2.915
598	14.85	148 	2.920
599	14.86	149 	2.925
600	14.87	149 	2.930
601	14.87	149 	2.935
602	14.88	149 	2.939
603	14.89	149 	2.944
604	14.90	149 	2.949
605	14.91	149 	2.954
606	14.92	149 	2.959
607	14.93	149 	2.964
608	14.94	149 	2.969
609	14.95	150 	2.974
610	14.96	150 	2.979
611	14.97	150 	2.983
612	14.98	150 	2.988
613	14.99	150 	2.993
614	15.00	150 	2.998
615	15.01	150 	3.003
616	15.02	150 	3.008
617	15.03	150 	3.013
618	15.04	150 	3.018
619	15.05	151 	3.022
620	15.06	151 	3.027
621	15.07	151 	3.032
622	15.08	151 	3.037
623	15.09	151 	3.042
624	15.10	151 	3.047
625	15.11	151 	3.052
626	15.12	151 	3.057
627	15.13	151 	3.062
628	15.14	151 	3.066
629	15.15	151 	3.071
630	15.16	152 	3.076
631	15.17	152 	3.081
632	15.18	152 	3.086
633	15.19	152 	3.091
634	15.20	152 	3.096
635	15.21	152 	3.101
636	15.22	152 	3.105
637	15.23	152 	3.110
638	15.24	152 	3.115
639	15.25	152 	3.120
640	15.26	153 	3.125
641	15.27	153 	3.130
642	15.28	153 	3.135
643	15.29	153 	3.140
644	15.30	153 	3.145
645	15.31	153 	3.149
646	15.31	153 	3.154
647	15.32	153 	3.159
648	15.33	153 	3.164
649	15.34	153 	3.169
650	15.35	154 	3.174
651	15.36	154 	3.179
652	15.37	154 	3.184
653	15.38	154 	3.188
654	15.39	154 	3.193
655	15.40	154 	3.198
656	15.41	154 	3.203
657	15.42	154 	3.208
658	15.43	154 	3.213
659	15.44	154 	3.218
660	15.45	155 	3.223
661	15.46	155 	3.228
662	15.47	155 	3.232
663	15.48	155 	3.237
664	15.49	155 	3.242
665	15.50	155 	3.247
666	15.51	155 	3.252
667	15.52	155 	3.257
668	15.53	155 	3.262
669	15.54	155 	3.267
670	15.55	155 	3.271
671	15.56	156 	3.276
672	15.57	156 	3.281
673	15.58	156 	3.286
674	15.59	156 	3.291
675	15.60	156 	3.296
676	15.61	156 	3.301
677	15.62	156 	3.306
678	15.63	156 	3.311
679	15.64	156 	3.315
680	15.65	156 	3.320
681	15.66	157 	3.325
682	15.67	157 	3.330
683	15.68	157 	3.335
684	15.69	157 	3.340
685	15.70	157 	3.345
686	15.71	157 	3.350
687	15.72	157 	3.354
688	15.73	157 	3.359
689	15.74	157 	3.364
690	15.74	157 	3.369
691	15.75	158 	3.374
692	15.76	158 	3.379
693	15.77	158 	3.384
694	15.78	158 	3.389
695	15.79	158 	3.394
696	15.80	158 	3.398
697	15.81	158 	3.403
698	15.82	158 	3.408
699	15.83	158 	3.413
700	15.84	158 	3.418
701	15.85	159 	3.423
702	15.86	159 	3.428
703	15.87	159 	3.433
704	15.88	159 	3.438
705	15.89	159 	3.442
706	15.90	159 	3.447
707	15.91	159 	3.452
708	15.92	159 	3.457
709	15.93	159 	3.462
710	15.94	159 	3.467
711	15.95	160 	3.472
712	15.96	160 	3.477
713	15.97	160 	3.481
714	15.98	160 	3.486
715	15.99	160 	3.491
716	16.00	160 	3.496
717	16.01	160 	3.501
718	16.02	160 	3.506
719	16.03	160 	3.511
720	16.04	160 	3.516
721	16.05	160 	3.521
722	16.06	161 	3.525
723	16.07	161 	3.530
724	16.08	161 	3.535
725	16.09	161 	3.540
726	16.10	161 	3.545
727	16.11	161 	3.550
728	16.12	161 	3.555
729	16.13	161 	3.560
730	16.14	161 	3.564
731	16.15	161 	3.569
732	16.16	162 	3.574
733	16.17	162 	3.579
734	16.17	162 	3.584
735	16.18	162 	3.589
736	16.19	162 	3.594
737	16.20	162 	3.599
738	16.21	162 	3.604
739	16.22	162 	3.608
740	16.23	162 	3.613
741	16.24	162 	3.618
742	16.25	163 	3.623
743	16.26	163 	3.628
744	16.27	163 	3.633
745	16.28	163 	3.638
746	16.29	163 	3.643
747	16.30	163 	3.647
748	16.31	163 	3.652
749	16.32	163 	3.657
750	16.33	163 	3.662
751	16.34	163 	3.667
752	16.35	164 	3.672
753	16.36	164 	3.677
754	16.37	164 	3.682
755	16.38	164 	3.687
756	16.39	164 	3.691
757	16.40	164 	3.696
758	16.41	164 	3.701
759	16.42	164 	3.706
760	16.43	164 	3.711
761	16.44	164 	3.716
762	16.45	164 	3.721
763	16.46	165 	3.726
764	16.47	165 	3.730
765	16.48	165 	3.735
766	16.49	165 	3.740
767	16.50	165 	3.745
768	16.51	165 	3.750
769	16.52	165 	3.755
770	16.53	165 	3.760
771	16.54	165 	3.765
772	16.55	165 	3.770
773	16.56	166 	3.774
774	16.57	166 	3.779
775	16.58	166 	3.784
776	16.59	166 	3.789
777	16.60	166 	3.794
778	16.61	166 	3.799
779	16.61	166 	3.804
780	16.62	166 	3.809
781	16.63	166 	3.813
782	16.64	166 	3.818
783	16.65	167 	3.823
784	16.66	167 	3.828
785	16.67	167 	3.833
786	16.68	167 	3.838
787	16.69	167 	3.843
788	16.70	167 	3.848
789	16.71	167 	3.853
790	16.72	167 	3.857
791	16.73	167 	3.862
792	16.74	167 	3.867
793	16.75	168 	3.872
794	16.76	168 	3.877
795	16.77	168 	3.882
796	16.78	168 	3.887
797	16.79	168 	3.892
798	16.80	168 	3.896
799	16.81	168 	3.901
800	16.82	168 	3.906
801	16.83	168 	3.911
802	16.84	168 	3.916
803	16.85	168 	3.921
804	16.86	169 	3.926
805	16.87	169 	3.931
806	16.88	169 	3.936
807	16.89	169 	3.940
808	16.90	169 	3.945
809	16.91	169 	3.950
810	16.92	169 	3.955
811	16.93	169 	3.960
812	16.94	169 	3.965
813	16.95	169 	3.970
814	16.96	170 	3.975
815	16.97	170 	3.979
816	16.98	170 	3.984
817	16.99	170 	3.989
818	17.00	170 	3.994
819	17.01	170 	3.999
820	17.02	170 	4.004
821	17.03	170 	4.009
822	17.04	170 	4.014
823	17.04	170 	4.019
824	17.05	171 	4.023
825	17.06	171 	4.028
826	17.07	171 	4.033
827	17.08	171 	4.038
828	17.09	171 	4.043
829	17.10	171 	4.048
830	17.11	171 	4.053
831	17.12	171 	4.058
832	17.13	171 	4.063
833	17.14	171 	4.067
834	17.15	172 	4.072
835	17.16	172 	4.077
836	17.17	172 	4.082
837	17.18	172 	4.087
838	17.19	172 	4.092
839	17.20	172 	4.097
840	17.21	172 	4.102
841	17.22	172 	4.106
842	17.23	172 	4.111
843	17.24	172 	4.116
844	17.25	173 	4.121
845	17.26	173 	4.126
846	17.27	173 	4.131
847	17.28	173 	4.136
848	17.29	173 	4.141
849	17.30	173 	4.146
850	17.31	173 	4.150
851	17.32	173 	4.155
852	17.33	173 	4.160
853	17.34	173 	4.165
854	17.35	173 	4.170
855	17.36	174 	4.175
856	17.37	174 	4.180
857	17.38	174 	4.185
858	17.39	174 	4.189
859	17.40	174 	4.194
860	17.41	174 	4.199
861	17.42	174 	4.204
862	17.43	174 	4.209
863	17.44	174 	4.214
864	17.45	174 	4.219
865	17.46	175 	4.224
866	17.47	175 	4.229
867	17.48	175 	4.233
868	17.48	175 	4.238
869	17.49	175 	4.243
870	17.50	175 	4.248
871	17.51	175 	4.253
872	17.52	175 	4.258
873	17.53	175 	4.263
874	17.54	175 	4.268
875	17.55	176 	4.272
876	17.56	176 	4.277
877	17.57	176 	4.282
878	17.58	176 	4.287
879	17.59	176 	4.292
880	17.60	176 	4.297
881	17.61	176 	4.302
882	17.62	176 	4.307
883	17.63	176 	4.312
884	17.64	176 	4.316
885	17.65	177 	4.321
886	17.66	177 	4.326
887	17.67	177 	4.331
888	17.68	177 	4.336
889	17.69	177 	4.341
890	17.70	177 	4.346
891	17.71	177 	4.351
892	17.72	177 	4.355
893	17.73	177 	4.360
894	17.74	177 	4.365
895	17.75	177 	4.370
896	17.76	178 	4.375
897	17.77	178 	4.380
898	17.78	178 	4.385
899	17.79	178 	4.390
900	17.80	178 	4.395
901	17.81	178 	4.399
902	17.82	178 	4.404
903	17.83	178 	4.409
904	17.84	178 	4.414
905	17.85	178 	4.419
906	17.86	179 	4.424
907	17.87	179 	4.429
908	17.88	179 	4.434
909	17.89	179 	4.438
910	17.90	179 	4.443
911	17.91	179 	4.448
912	17.91	179 	4.453
913	17.92	179 	4.458
914	17.93	179 	4.463
915	17.94	179 	4.468
916	17.95	180 	4.473
917	17.96	180 	4.478
918	17.97	180 	4.482
919	17.98	180 	4.487
920	17.99	180 	4.492
921	18.00	180 	4.497
922	18.01	180 	4.502
923	18.02	180 	4.507
924	18.03	180 	4.512
925	18.04	180 	4.517
926	18.05	181 	4.521
927	18.06	181 	4.526
928	18.07	181 	4.531
929	18.08	181 	4.536
930	18.09	181 	4.541
931	18.10	181 	4.546
932	18.11	181 	4.551
933	18.12	181 	4.556
934	18.13	181 	4.561
935	18.14	181 	4.565
936	18.15	181 	4.570
937	18.16	182 	4.575
938	18.17	182 	4.580
939	18.18	182 	4.585
940	18.19	182 	4.590
941	18.20	182 	4.595
942	18.21	182 	4.600
943	18.22	182 	4.604
944	18.23	182 	4.609
945	18.24	182 	4.614
946	18.25	182 	4.619
947	18.26	183 	4.624
948	18.27	183 	4.629
949	18.28	183 	4.634
950	18.29	183 	4.639
951	18.30	183 	4.644
952	18.31	183 	4.648
953	18.32	183 	4.653
954	18.33	183 	4.658
955	18.34	183 	4.663
956	18.35	183 	4.668
957	18.35	184 	4.673
958	18.36	184 	4.678
959	18.37	184 	4.683
960	18.38	184 	4.688
961	18.39	184 	4.692
962	18.40	184 	4.697
963	18.41	184 	4.702
964	18.42	184 	4.707
965	18.43	184 	4.712
966	18.44	184 	4.717
967	18.45	185 	4.722
968	18.46	185 	4.727
969	18.47	185 	4.731
970	18.48	185 	4.736
971	18.49	185 	4.741
972	18.50	185 	4.746
973	18.51	185 	4.751
974	18.52	185 	4.756
975	18.53	185 	4.761
976	18.54	185 	4.766
977	18.55	186 	4.771
978	18.56	186 	4.775
979	18.57	186 	4.780
980	18.58	186 	4.785
981	18.59	186 	4.790
982	18.60	186 	4.795
983	18.61	186 	4.800
984	18.62	186 	4.805
985	18.63	186 	4.810
986	18.64	186 	4.814
987	18.65	186 	4.819
988	18.66	187 	4.824
989	18.67	187 	4.829
990	18.68	187 	4.834
991	18.69	187 	4.839
992	18.70	187 	4.844
993	18.71	187 	4.849
994	18.72	187 	4.854
995	18.73	187 	4.858
996	18.74	187 	4.863
997	18.75	187 	4.868
998	18.76	188 	4.873
999	18.77	188 	4.878
1000	18.78	188 	4.883
1001	18.78	188 	4.888
1002	18.79	188 	4.893
1003	18.80	188 	4.897
1004	18.81	188 	4.902
1005	18.82	188 	4.907
1006	18.83	188 	4.912
1007	18.84	188 	4.917
1008	18.85	189 	4.922
1009	18.86	189 	4.927
1010	18.87	189 	4.932
1011	18.88	189 	4.937
1012	18.89	189 	4.941
1013	18.90	189 	4.946
1014	18.91	189 	4.951
1015	18.92	189 	4.956
1016	18.93	189 	4.961
1017	18.94	189 	4.966
1018	18.95	190 	4.971
1019	18.96	190 	4.976
1020	18.97	190 	4.980
1021	18.98	190 	4.985
1022	18.99	190 	4.990
1023	19.00	190 	4.995
