//------------------------------------------------------------------------------
//--  Generated by TunerStudio 
//--  Date: 3-20-2010
//--  Time: 19:18
//--  This file merely records what was sent to your Controller,        
//--  and may be deleted at any time.                                                    
//--  Selected type: Coolant Temperature Sensor 
//------------------------------------------------------------------------------

//-- generated using refTable Generator:thermGenerator
//-- Table Identifier:000//--    Generated by ThermTableGenerator using user input values. 
//--    Bias Resistor value: 2490.0 Ohms
//--    Temperature1: -4(F), 	Resistance 1: 16150 Ohms 
//--    Temperature2: 104(F), 	Resistance 2: 1150 Ohms 
//--    Temperature3: 176(F), 	Resistance 3: 330 Ohms 
//-- 

//----------------------------------------------------------//
ADC 	Value 	MSVal 	volts
0	180.00	1800 	0.000
1	180.00	1800 	0.005
2	180.00	1800 	0.010
3	180.00	1800 	0.015
4	180.00	1800 	0.020
5	180.00	1800 	0.024
6	180.00	1800 	0.029
7	180.00	1800 	0.034
8	180.00	1800 	0.039
9	180.00	1800 	0.044
10	180.00	1800 	0.049
11	180.00	1800 	0.054
12	180.00	1800 	0.059
13	180.00	1800 	0.063
14	180.00	1800 	0.068
15	180.00	1800 	0.073
16	180.00	1800 	0.078
17	347.24	3472 	0.083
18	341.13	3411 	0.088
19	335.43	3354 	0.093
20	330.09	3301 	0.098
21	325.07	3251 	0.103
22	320.34	3203 	0.107
23	315.87	3159 	0.112
24	311.64	3116 	0.117
25	307.62	3076 	0.122
26	303.79	3038 	0.127
27	300.14	3001 	0.132
28	296.65	2967 	0.137
29	293.31	2933 	0.142
30	290.11	2901 	0.146
31	287.04	2870 	0.151
32	284.09	2841 	0.156
33	281.24	2812 	0.161
34	278.50	2785 	0.166
35	275.86	2759 	0.171
36	273.31	2733 	0.176
37	270.84	2708 	0.181
38	268.45	2685 	0.186
39	266.14	2661 	0.190
40	263.89	2639 	0.195
41	261.72	2617 	0.200
42	259.60	2596 	0.205
43	257.55	2575 	0.210
44	255.55	2556 	0.215
45	253.61	2536 	0.220
46	251.72	2517 	0.225
47	249.87	2499 	0.229
48	248.08	2481 	0.234
49	246.32	2463 	0.239
50	244.61	2446 	0.244
51	242.94	2429 	0.249
52	241.31	2413 	0.254
53	239.71	2397 	0.259
54	238.15	2382 	0.264
55	236.63	2366 	0.269
56	235.14	2351 	0.273
57	233.67	2337 	0.278
58	232.24	2322 	0.283
59	230.84	2308 	0.288
60	229.46	2295 	0.293
61	228.11	2281 	0.298
62	226.79	2268 	0.303
63	225.49	2255 	0.308
64	224.22	2242 	0.313
65	222.97	2230 	0.317
66	221.74	2217 	0.322
67	220.53	2205 	0.327
68	219.35	2193 	0.332
69	218.18	2182 	0.337
70	217.04	2170 	0.342
71	215.91	2159 	0.347
72	214.80	2148 	0.352
73	213.71	2137 	0.356
74	212.64	2126 	0.361
75	211.58	2116 	0.366
76	210.54	2105 	0.371
77	209.51	2095 	0.376
78	208.50	2085 	0.381
79	207.51	2075 	0.386
80	206.53	2065 	0.391
81	205.56	2056 	0.396
82	204.61	2046 	0.400
83	203.67	2037 	0.405
84	202.74	2027 	0.410
85	201.83	2018 	0.415
86	200.93	2009 	0.420
87	200.04	2000 	0.425
88	199.16	1992 	0.430
89	198.29	1983 	0.435
90	197.44	1974 	0.439
91	196.59	1966 	0.444
92	195.76	1958 	0.449
93	194.93	1949 	0.454
94	194.12	1941 	0.459
95	193.31	1933 	0.464
96	192.52	1925 	0.469
97	191.73	1917 	0.474
98	190.96	1910 	0.479
99	190.19	1902 	0.483
100	189.43	1894 	0.488
101	188.68	1887 	0.493
102	187.94	1879 	0.498
103	187.20	1872 	0.503
104	186.48	1865 	0.508
105	185.76	1858 	0.513
106	185.05	1850 	0.518
107	184.35	1843 	0.522
108	183.65	1837 	0.527
109	182.96	1830 	0.532
110	182.28	1823 	0.537
111	181.61	1816 	0.542
112	180.94	1809 	0.547
113	180.28	1803 	0.552
114	179.62	1796 	0.557
115	178.97	1790 	0.562
116	178.33	1783 	0.566
117	177.70	1777 	0.571
118	177.07	1771 	0.576
119	176.44	1764 	0.581
120	175.82	1758 	0.586
121	175.21	1752 	0.591
122	174.60	1746 	0.596
123	174.00	1740 	0.601
124	173.41	1734 	0.605
125	172.81	1728 	0.610
126	172.23	1722 	0.615
127	171.65	1716 	0.620
128	171.07	1711 	0.625
129	170.50	1705 	0.630
130	169.93	1699 	0.635
131	169.37	1694 	0.640
132	168.82	1688 	0.645
133	168.26	1683 	0.649
134	167.72	1677 	0.654
135	167.17	1672 	0.659
136	166.63	1666 	0.664
137	166.10	1661 	0.669
138	165.57	1656 	0.674
139	165.04	1650 	0.679
140	164.52	1645 	0.684
141	164.00	1640 	0.688
142	163.49	1635 	0.693
143	162.98	1630 	0.698
144	162.47	1625 	0.703
145	161.97	1620 	0.708
146	161.47	1615 	0.713
147	160.98	1610 	0.718
148	160.48	1605 	0.723
149	160.00	1600 	0.728
150	159.51	1595 	0.732
151	159.03	1590 	0.737
152	158.55	1586 	0.742
153	158.08	1581 	0.747
154	157.61	1576 	0.752
155	157.14	1571 	0.757
156	156.67	1567 	0.762
157	156.21	1562 	0.767
158	155.75	1558 	0.771
159	155.30	1553 	0.776
160	154.85	1548 	0.781
161	154.40	1544 	0.786
162	153.95	1539 	0.791
163	153.51	1535 	0.796
164	153.07	1531 	0.801
165	152.63	1526 	0.806
166	152.19	1522 	0.811
167	151.76	1518 	0.815
168	151.33	1513 	0.820
169	150.90	1509 	0.825
170	150.48	1505 	0.830
171	150.06	1501 	0.835
172	149.64	1496 	0.840
173	149.22	1492 	0.845
174	148.81	1488 	0.850
175	148.39	1484 	0.854
176	147.98	1480 	0.859
177	147.58	1476 	0.864
178	147.17	1472 	0.869
179	146.77	1468 	0.874
180	146.37	1464 	0.879
181	145.97	1460 	0.884
182	145.58	1456 	0.889
183	145.18	1452 	0.894
184	144.79	1448 	0.898
185	144.40	1444 	0.903
186	144.02	1440 	0.908
187	143.63	1436 	0.913
188	143.25	1432 	0.918
189	142.87	1429 	0.923
190	142.49	1425 	0.928
191	142.11	1421 	0.933
192	141.74	1417 	0.938
193	141.37	1414 	0.942
194	141.00	1410 	0.947
195	140.63	1406 	0.952
196	140.26	1403 	0.957
197	139.90	1399 	0.962
198	139.53	1395 	0.967
199	139.17	1392 	0.972
200	138.81	1388 	0.977
201	138.46	1385 	0.981
202	138.10	1381 	0.986
203	137.75	1377 	0.991
204	137.39	1374 	0.996
205	137.04	1370 	1.001
206	136.70	1367 	1.006
207	136.35	1363 	1.011
208	136.00	1360 	1.016
209	135.66	1357 	1.021
210	135.32	1353 	1.025
211	134.98	1350 	1.030
212	134.64	1346 	1.035
213	134.30	1343 	1.040
214	133.96	1340 	1.045
215	133.63	1336 	1.050
216	133.30	1333 	1.055
217	132.97	1330 	1.060
218	132.64	1326 	1.064
219	132.31	1323 	1.069
220	131.98	1320 	1.074
221	131.66	1317 	1.079
222	131.33	1313 	1.084
223	131.01	1310 	1.089
224	130.69	1307 	1.094
225	130.37	1304 	1.099
226	130.05	1300 	1.104
227	129.73	1297 	1.108
228	129.42	1294 	1.113
229	129.10	1291 	1.118
230	128.79	1288 	1.123
231	128.48	1285 	1.128
232	128.17	1282 	1.133
233	127.86	1279 	1.138
234	127.55	1276 	1.143
235	127.24	1272 	1.147
236	126.94	1269 	1.152
237	126.63	1266 	1.157
238	126.33	1263 	1.162
239	126.03	1260 	1.167
240	125.73	1257 	1.172
241	125.43	1254 	1.177
242	125.13	1251 	1.182
243	124.83	1248 	1.187
244	124.54	1245 	1.191
245	124.24	1242 	1.196
246	123.95	1239 	1.201
247	123.66	1237 	1.206
248	123.37	1234 	1.211
249	123.08	1231 	1.216
250	122.79	1228 	1.221
251	122.50	1225 	1.226
252	122.21	1222 	1.230
253	121.92	1219 	1.235
254	121.64	1216 	1.240
255	121.36	1214 	1.245
256	121.07	1211 	1.250
257	120.79	1208 	1.255
258	120.51	1205 	1.260
259	120.23	1202 	1.265
260	119.95	1200 	1.270
261	119.67	1197 	1.274
262	119.40	1194 	1.279
263	119.12	1191 	1.284
264	118.85	1188 	1.289
265	118.57	1186 	1.294
266	118.30	1183 	1.299
267	118.03	1180 	1.304
268	117.75	1178 	1.309
269	117.48	1175 	1.313
270	117.21	1172 	1.318
271	116.95	1169 	1.323
272	116.68	1167 	1.328
273	116.41	1164 	1.333
274	116.15	1161 	1.338
275	115.88	1159 	1.343
276	115.62	1156 	1.348
277	115.35	1154 	1.353
278	115.09	1151 	1.357
279	114.83	1148 	1.362
280	114.57	1146 	1.367
281	114.31	1143 	1.372
282	114.05	1140 	1.377
283	113.79	1138 	1.382
284	113.53	1135 	1.387
285	113.28	1133 	1.392
286	113.02	1130 	1.396
287	112.76	1128 	1.401
288	112.51	1125 	1.406
289	112.26	1123 	1.411
290	112.00	1120 	1.416
291	111.75	1118 	1.421
292	111.50	1115 	1.426
293	111.25	1112 	1.431
294	111.00	1110 	1.436
295	110.75	1108 	1.440
296	110.50	1105 	1.445
297	110.25	1103 	1.450
298	110.01	1100 	1.455
299	109.76	1098 	1.460
300	109.51	1095 	1.465
301	109.27	1093 	1.470
302	109.03	1090 	1.475
303	108.78	1088 	1.479
304	108.54	1085 	1.484
305	108.30	1083 	1.489
306	108.06	1081 	1.494
307	107.81	1078 	1.499
308	107.57	1076 	1.504
309	107.33	1073 	1.509
310	107.10	1071 	1.514
311	106.86	1069 	1.519
312	106.62	1066 	1.523
313	106.38	1064 	1.528
314	106.15	1061 	1.533
315	105.91	1059 	1.538
316	105.68	1057 	1.543
317	105.44	1054 	1.548
318	105.21	1052 	1.553
319	104.97	1050 	1.558
320	104.74	1047 	1.563
321	104.51	1045 	1.567
322	104.28	1043 	1.572
323	104.05	1040 	1.577
324	103.82	1038 	1.582
325	103.59	1036 	1.587
326	103.36	1034 	1.592
327	103.13	1031 	1.597
328	102.90	1029 	1.602
329	102.67	1027 	1.606
330	102.45	1024 	1.611
331	102.22	1022 	1.616
332	101.99	1020 	1.621
333	101.77	1018 	1.626
334	101.54	1015 	1.631
335	101.32	1013 	1.636
336	101.09	1011 	1.641
337	100.87	1009 	1.646
338	100.65	1006 	1.650
339	100.43	1004 	1.655
340	100.20	1002 	1.660
341	99.98	1000 	1.665
342	99.76	998 	1.670
343	99.54	995 	1.675
344	99.32	993 	1.680
345	99.10	991 	1.685
346	98.88	989 	1.689
347	98.67	987 	1.694
348	98.45	984 	1.699
349	98.23	982 	1.704
350	98.01	980 	1.709
351	97.80	978 	1.714
352	97.58	976 	1.719
353	97.37	974 	1.724
354	97.15	972 	1.729
355	96.94	969 	1.733
356	96.72	967 	1.738
357	96.51	965 	1.743
358	96.30	963 	1.748
359	96.08	961 	1.753
360	95.87	959 	1.758
361	95.66	957 	1.763
362	95.45	954 	1.768
363	95.24	952 	1.772
364	95.03	950 	1.777
365	94.82	948 	1.782
366	94.61	946 	1.787
367	94.40	944 	1.792
368	94.19	942 	1.797
369	93.98	940 	1.802
370	93.77	938 	1.807
371	93.57	936 	1.812
372	93.36	934 	1.816
373	93.15	932 	1.821
374	92.94	929 	1.826
375	92.74	927 	1.831
376	92.53	925 	1.836
377	92.33	923 	1.841
378	92.12	921 	1.846
379	91.92	919 	1.851
380	91.71	917 	1.855
381	91.51	915 	1.860
382	91.31	913 	1.865
383	91.10	911 	1.870
384	90.90	909 	1.875
385	90.70	907 	1.880
386	90.50	905 	1.885
387	90.30	903 	1.890
388	90.09	901 	1.895
389	89.89	899 	1.899
390	89.69	897 	1.904
391	89.49	895 	1.909
392	89.29	893 	1.914
393	89.09	891 	1.919
394	88.89	889 	1.924
395	88.70	887 	1.929
396	88.50	885 	1.934
397	88.30	883 	1.938
398	88.10	881 	1.943
399	87.90	879 	1.948
400	87.71	877 	1.953
401	87.51	875 	1.958
402	87.31	873 	1.963
403	87.12	871 	1.968
404	86.92	869 	1.973
405	86.73	867 	1.978
406	86.53	865 	1.982
407	86.34	863 	1.987
408	86.14	861 	1.992
409	85.95	859 	1.997
410	85.75	858 	2.002
411	85.56	856 	2.007
412	85.37	854 	2.012
413	85.17	852 	2.017
414	84.98	850 	2.021
415	84.79	848 	2.026
416	84.59	846 	2.031
417	84.40	844 	2.036
418	84.21	842 	2.041
419	84.02	840 	2.046
420	83.83	838 	2.051
421	83.64	836 	2.056
422	83.45	834 	2.061
423	83.26	833 	2.065
424	83.07	831 	2.070
425	82.88	829 	2.075
426	82.69	827 	2.080
427	82.50	825 	2.085
428	82.31	823 	2.090
429	82.12	821 	2.095
430	81.93	819 	2.100
431	81.74	817 	2.104
432	81.56	816 	2.109
433	81.37	814 	2.114
434	81.18	812 	2.119
435	80.99	810 	2.124
436	80.81	808 	2.129
437	80.62	806 	2.134
438	80.43	804 	2.139
439	80.25	802 	2.144
440	80.06	801 	2.148
441	79.88	799 	2.153
442	79.69	797 	2.158
443	79.50	795 	2.163
444	79.32	793 	2.168
445	79.13	791 	2.173
446	78.95	789 	2.178
447	78.77	788 	2.183
448	78.58	786 	2.188
449	78.40	784 	2.192
450	78.21	782 	2.197
451	78.03	780 	2.202
452	77.85	778 	2.207
453	77.66	777 	2.212
454	77.48	775 	2.217
455	77.30	773 	2.222
456	77.12	771 	2.227
457	76.93	769 	2.231
458	76.75	768 	2.236
459	76.57	766 	2.241
460	76.39	764 	2.246
461	76.21	762 	2.251
462	76.03	760 	2.256
463	75.84	758 	2.261
464	75.66	757 	2.266
465	75.48	755 	2.271
466	75.30	753 	2.275
467	75.12	751 	2.280
468	74.94	749 	2.285
469	74.76	748 	2.290
470	74.58	746 	2.295
471	74.40	744 	2.300
472	74.22	742 	2.305
473	74.04	740 	2.310
474	73.87	739 	2.314
475	73.69	737 	2.319
476	73.51	735 	2.324
477	73.33	733 	2.329
478	73.15	732 	2.334
479	72.97	730 	2.339
480	72.80	728 	2.344
481	72.62	726 	2.349
482	72.44	724 	2.354
483	72.26	723 	2.358
484	72.08	721 	2.363
485	71.91	719 	2.368
486	71.73	717 	2.373
487	71.55	716 	2.378
488	71.38	714 	2.383
489	71.20	712 	2.388
490	71.02	710 	2.393
491	70.85	708 	2.397
492	70.67	707 	2.402
493	70.50	705 	2.407
494	70.32	703 	2.412
495	70.14	701 	2.417
496	69.97	700 	2.422
497	69.79	698 	2.427
498	69.62	696 	2.432
499	69.44	694 	2.437
500	69.27	693 	2.441
501	69.09	691 	2.446
502	68.92	689 	2.451
503	68.74	687 	2.456
504	68.57	686 	2.461
505	68.40	684 	2.466
506	68.22	682 	2.471
507	68.05	680 	2.476
508	67.87	679 	2.480
509	67.70	677 	2.485
510	67.53	675 	2.490
511	67.35	674 	2.495
512	67.18	672 	2.500
513	67.01	670 	2.505
514	66.83	668 	2.510
515	66.66	667 	2.515
516	66.49	665 	2.520
517	66.31	663 	2.524
518	66.14	661 	2.529
519	65.97	660 	2.534
520	65.80	658 	2.539
521	65.62	656 	2.544
522	65.45	655 	2.549
523	65.28	653 	2.554
524	65.11	651 	2.559
525	64.94	649 	2.563
526	64.76	648 	2.568
527	64.59	646 	2.573
528	64.42	644 	2.578
529	64.25	642 	2.583
530	64.08	641 	2.588
531	63.91	639 	2.593
532	63.73	637 	2.598
533	63.56	636 	2.603
534	63.39	634 	2.607
535	63.22	632 	2.612
536	63.05	630 	2.617
537	62.88	629 	2.622
538	62.71	627 	2.627
539	62.54	625 	2.632
540	62.37	624 	2.637
541	62.20	622 	2.642
542	62.03	620 	2.646
543	61.85	619 	2.651
544	61.68	617 	2.656
545	61.51	615 	2.661
546	61.34	613 	2.666
547	61.17	612 	2.671
548	61.00	610 	2.676
549	60.83	608 	2.681
550	60.66	607 	2.686
551	60.49	605 	2.690
552	60.32	603 	2.695
553	60.15	602 	2.700
554	59.98	600 	2.705
555	59.81	598 	2.710
556	59.65	596 	2.715
557	59.48	595 	2.720
558	59.31	593 	2.725
559	59.14	591 	2.729
560	58.97	590 	2.734
561	58.80	588 	2.739
562	58.63	586 	2.744
563	58.46	585 	2.749
564	58.29	583 	2.754
565	58.12	581 	2.759
566	57.95	580 	2.764
567	57.78	578 	2.769
568	57.61	576 	2.773
569	57.45	574 	2.778
570	57.28	573 	2.783
571	57.11	571 	2.788
572	56.94	569 	2.793
573	56.77	568 	2.798
574	56.60	566 	2.803
575	56.43	564 	2.808
576	56.26	563 	2.813
577	56.10	561 	2.817
578	55.93	559 	2.822
579	55.76	558 	2.827
580	55.59	556 	2.832
581	55.42	554 	2.837
582	55.25	553 	2.842
583	55.08	551 	2.847
584	54.92	549 	2.852
585	54.75	547 	2.856
586	54.58	546 	2.861
587	54.41	544 	2.866
588	54.24	542 	2.871
589	54.07	541 	2.876
590	53.91	539 	2.881
591	53.74	537 	2.886
592	53.57	536 	2.891
593	53.40	534 	2.896
594	53.23	532 	2.900
595	53.06	531 	2.905
596	52.89	529 	2.910
597	52.73	527 	2.915
598	52.56	526 	2.920
599	52.39	524 	2.925
600	52.22	522 	2.930
601	52.05	521 	2.935
602	51.88	519 	2.939
603	51.72	517 	2.944
604	51.55	515 	2.949
605	51.38	514 	2.954
606	51.21	512 	2.959
607	51.04	510 	2.964
608	50.87	509 	2.969
609	50.71	507 	2.974
610	50.54	505 	2.979
611	50.37	504 	2.983
612	50.20	502 	2.988
613	50.03	500 	2.993
614	49.86	499 	2.998
615	49.70	497 	3.003
616	49.53	495 	3.008
617	49.36	494 	3.013
618	49.19	492 	3.018
619	49.02	490 	3.022
620	48.85	489 	3.027
621	48.68	487 	3.032
622	48.52	485 	3.037
623	48.35	483 	3.042
624	48.18	482 	3.047
625	48.01	480 	3.052
626	47.84	478 	3.057
627	47.67	477 	3.062
628	47.50	475 	3.066
629	47.33	473 	3.071
630	47.16	472 	3.076
631	47.00	470 	3.081
632	46.83	468 	3.086
633	46.66	467 	3.091
634	46.49	465 	3.096
635	46.32	463 	3.101
636	46.15	461 	3.105
637	45.98	460 	3.110
638	45.81	458 	3.115
639	45.64	456 	3.120
640	45.47	455 	3.125
641	45.30	453 	3.130
642	45.13	451 	3.135
643	44.96	450 	3.140
644	44.79	448 	3.145
645	44.62	446 	3.149
646	44.45	445 	3.154
647	44.28	443 	3.159
648	44.11	441 	3.164
649	43.94	439 	3.169
650	43.77	438 	3.174
651	43.60	436 	3.179
652	43.43	434 	3.184
653	43.26	433 	3.188
654	43.09	431 	3.193
655	42.92	429 	3.198
656	42.75	427 	3.203
657	42.58	426 	3.208
658	42.41	424 	3.213
659	42.24	422 	3.218
660	42.07	421 	3.223
661	41.90	419 	3.228
662	41.72	417 	3.232
663	41.55	416 	3.237
664	41.38	414 	3.242
665	41.21	412 	3.247
666	41.04	410 	3.252
667	40.87	409 	3.257
668	40.69	407 	3.262
669	40.52	405 	3.267
670	40.35	404 	3.271
671	40.18	402 	3.276
672	40.01	400 	3.281
673	39.83	398 	3.286
674	39.66	397 	3.291
675	39.49	395 	3.296
676	39.32	393 	3.301
677	39.14	391 	3.306
678	38.97	390 	3.311
679	38.80	388 	3.315
680	38.62	386 	3.320
681	38.45	385 	3.325
682	38.28	383 	3.330
683	38.10	381 	3.335
684	37.93	379 	3.340
685	37.76	378 	3.345
686	37.58	376 	3.350
687	37.41	374 	3.354
688	37.24	372 	3.359
689	37.06	371 	3.364
690	36.89	369 	3.369
691	36.71	367 	3.374
692	36.54	365 	3.379
693	36.36	364 	3.384
694	36.19	362 	3.389
695	36.01	360 	3.394
696	35.84	358 	3.398
697	35.66	357 	3.403
698	35.49	355 	3.408
699	35.31	353 	3.413
700	35.13	351 	3.418
701	34.96	350 	3.423
702	34.78	348 	3.428
703	34.60	346 	3.433
704	34.43	344 	3.438
705	34.25	343 	3.442
706	34.07	341 	3.447
707	33.90	339 	3.452
708	33.72	337 	3.457
709	33.54	335 	3.462
710	33.36	334 	3.467
711	33.19	332 	3.472
712	33.01	330 	3.477
713	32.83	328 	3.481
714	32.65	327 	3.486
715	32.47	325 	3.491
716	32.29	323 	3.496
717	32.12	321 	3.501
718	31.94	319 	3.506
719	31.76	318 	3.511
720	31.58	316 	3.516
721	31.40	314 	3.521
722	31.22	312 	3.525
723	31.04	310 	3.530
724	30.86	309 	3.535
725	30.68	307 	3.540
726	30.49	305 	3.545
727	30.31	303 	3.550
728	30.13	301 	3.555
729	29.95	300 	3.560
730	29.77	298 	3.564
731	29.59	296 	3.569
732	29.40	294 	3.574
733	29.22	292 	3.579
734	29.04	290 	3.584
735	28.86	289 	3.589
736	28.67	287 	3.594
737	28.49	285 	3.599
738	28.31	283 	3.604
739	28.12	281 	3.608
740	27.94	279 	3.613
741	27.75	278 	3.618
742	27.57	276 	3.623
743	27.38	274 	3.628
744	27.20	272 	3.633
745	27.01	270 	3.638
746	26.83	268 	3.643
747	26.64	266 	3.647
748	26.45	265 	3.652
749	26.27	263 	3.657
750	26.08	261 	3.662
751	25.89	259 	3.667
752	25.71	257 	3.672
753	25.52	255 	3.677
754	25.33	253 	3.682
755	25.14	251 	3.687
756	24.95	250 	3.691
757	24.76	248 	3.696
758	24.57	246 	3.701
759	24.38	244 	3.706
760	24.19	242 	3.711
761	24.00	240 	3.716
762	23.81	238 	3.721
763	23.62	236 	3.726
764	23.43	234 	3.730
765	23.24	232 	3.735
766	23.05	230 	3.740
767	22.86	229 	3.745
768	22.66	227 	3.750
769	22.47	225 	3.755
770	22.28	223 	3.760
771	22.08	221 	3.765
772	21.89	219 	3.770
773	21.70	217 	3.774
774	21.50	215 	3.779
775	21.31	213 	3.784
776	21.11	211 	3.789
777	20.91	209 	3.794
778	20.72	207 	3.799
779	20.52	205 	3.804
780	20.33	203 	3.809
781	20.13	201 	3.813
782	19.93	199 	3.818
783	19.73	197 	3.823
784	19.53	195 	3.828
785	19.33	193 	3.833
786	19.14	191 	3.838
787	18.94	189 	3.843
788	18.74	187 	3.848
789	18.53	185 	3.853
790	18.33	183 	3.857
791	18.13	181 	3.862
792	17.93	179 	3.867
793	17.73	177 	3.872
794	17.53	175 	3.877
795	17.32	173 	3.882
796	17.12	171 	3.887
797	16.91	169 	3.892
798	16.71	167 	3.896
799	16.50	165 	3.901
800	16.30	163 	3.906
801	16.09	161 	3.911
802	15.89	159 	3.916
803	15.68	157 	3.921
804	15.47	155 	3.926
805	15.26	153 	3.931
806	15.06	151 	3.936
807	14.85	148 	3.940
808	14.64	146 	3.945
809	14.43	144 	3.950
810	14.22	142 	3.955
811	14.01	140 	3.960
812	13.79	138 	3.965
813	13.58	136 	3.970
814	13.37	134 	3.975
815	13.16	132 	3.979
816	12.94	129 	3.984
817	12.73	127 	3.989
818	12.51	125 	3.994
819	12.30	123 	3.999
820	12.08	121 	4.004
821	11.86	119 	4.009
822	11.65	116 	4.014
823	11.43	114 	4.019
824	11.21	112 	4.023
825	10.99	110 	4.028
826	10.77	108 	4.033
827	10.55	106 	4.038
828	10.33	103 	4.043
829	10.11	101 	4.048
830	9.89	99 	4.053
831	9.66	97 	4.058
832	9.44	94 	4.063
833	9.21	92 	4.067
834	8.99	90 	4.072
835	8.76	88 	4.077
836	8.54	85 	4.082
837	8.31	83 	4.087
838	8.08	81 	4.092
839	7.85	79 	4.097
840	7.62	76 	4.102
841	7.39	74 	4.106
842	7.16	72 	4.111
843	6.93	69 	4.116
844	6.70	67 	4.121
845	6.47	65 	4.126
846	6.23	62 	4.131
847	6.00	60 	4.136
848	5.76	58 	4.141
849	5.53	55 	4.146
850	5.29	53 	4.150
851	5.05	50 	4.155
852	4.81	48 	4.160
853	4.57	46 	4.165
854	4.33	43 	4.170
855	4.09	41 	4.175
856	3.85	38 	4.180
857	3.60	36 	4.185
858	3.36	34 	4.189
859	3.11	31 	4.194
860	2.87	29 	4.199
861	2.62	26 	4.204
862	2.37	24 	4.209
863	2.12	21 	4.214
864	1.87	19 	4.219
865	1.62	16 	4.224
866	1.37	14 	4.229
867	1.12	11 	4.233
868	0.86	9 	4.238
869	0.61	6 	4.243
870	0.35	4 	4.248
871	0.09	1 	4.253
872	-0.16	-2 	4.258
873	-0.42	-4 	4.263
874	-0.68	-7 	4.268
875	-0.95	-9 	4.272
876	-1.21	-12 	4.277
877	-1.47	-15 	4.282
878	-1.74	-17 	4.287
879	-2.00	-20 	4.292
880	-2.27	-23 	4.297
881	-2.54	-25 	4.302
882	-2.81	-28 	4.307
883	-3.08	-31 	4.312
884	-3.36	-34 	4.316
885	-3.63	-36 	4.321
886	-3.90	-39 	4.326
887	-4.18	-42 	4.331
888	-4.46	-45 	4.336
889	-4.74	-47 	4.341
890	-5.02	-50 	4.346
891	-5.30	-53 	4.351
892	-5.59	-56 	4.355
893	-5.87	-59 	4.360
894	-6.16	-62 	4.365
895	-6.45	-64 	4.370
896	-6.74	-67 	4.375
897	-7.03	-70 	4.380
898	-7.32	-73 	4.385
899	-7.62	-76 	4.390
900	-7.91	-79 	4.395
901	-8.21	-82 	4.399
902	-8.51	-85 	4.404
903	-8.81	-88 	4.409
904	-9.11	-91 	4.414
905	-9.42	-94 	4.419
906	-9.73	-97 	4.424
907	-10.03	-100 	4.429
908	-10.35	-103 	4.434
909	-10.66	-107 	4.438
910	-10.97	-110 	4.443
911	-11.29	-113 	4.448
912	-11.61	-116 	4.453
913	-11.93	-119 	4.458
914	-12.25	-122 	4.463
915	-12.57	-126 	4.468
916	-12.90	-129 	4.473
917	-13.23	-132 	4.478
918	-13.56	-136 	4.482
919	-13.89	-139 	4.487
920	-14.23	-142 	4.492
921	-14.57	-146 	4.497
922	-14.91	-149 	4.502
923	-15.25	-153 	4.507
924	-15.60	-156 	4.512
925	-15.95	-159 	4.517
926	-16.30	-163 	4.521
927	-16.65	-166 	4.526
928	-17.01	-170 	4.531
929	-17.36	-174 	4.536
930	-17.73	-177 	4.541
931	-18.09	-181 	4.546
932	-18.46	-185 	4.551
933	-18.83	-188 	4.556
934	-19.20	-192 	4.561
935	-19.58	-196 	4.565
936	-19.96	-200 	4.570
937	-20.34	-203 	4.575
938	-20.73	-207 	4.580
939	-21.12	-211 	4.585
940	-21.51	-215 	4.590
941	-21.91	-219 	4.595
942	-22.31	-223 	4.600
943	-22.71	-227 	4.604
944	-23.12	-231 	4.609
945	-23.53	-235 	4.614
946	-23.95	-240 	4.619
947	-24.37	-244 	4.624
948	-24.80	-248 	4.629
949	-25.23	-252 	4.634
950	-25.66	-257 	4.639
951	-26.10	-261 	4.644
952	-26.54	-265 	4.648
953	-26.99	-270 	4.653
954	-27.44	-274 	4.658
955	-27.90	-279 	4.663
956	-28.36	-284 	4.668
957	-28.83	-288 	4.673
958	-29.30	-293 	4.678
959	-29.78	-298 	4.683
960	-30.27	-303 	4.688
961	-30.76	-308 	4.692
962	-31.26	-313 	4.697
963	-31.76	-318 	4.702
964	-32.27	-323 	4.707
965	-32.79	-328 	4.712
966	-33.31	-333 	4.717
967	-33.85	-338 	4.722
968	-34.39	-344 	4.727
969	-34.93	-349 	4.731
970	-35.49	-355 	4.736
971	-36.05	-361 	4.741
972	-36.63	-366 	4.746
973	-37.21	-372 	4.751
974	-37.80	-378 	4.756
975	-38.40	-384 	4.761
976	-39.01	-390 	4.766
977	-39.63	-396 	4.771
978	180.00	1800 	4.775
979	180.00	1800 	4.780
980	180.00	1800 	4.785
981	180.00	1800 	4.790
982	180.00	1800 	4.795
983	180.00	1800 	4.800
984	180.00	1800 	4.805
985	180.00	1800 	4.810
986	180.00	1800 	4.814
987	180.00	1800 	4.819
988	180.00	1800 	4.824
989	180.00	1800 	4.829
990	180.00	1800 	4.834
991	180.00	1800 	4.839
992	180.00	1800 	4.844
993	180.00	1800 	4.849
994	180.00	1800 	4.854
995	180.00	1800 	4.858
996	180.00	1800 	4.863
997	180.00	1800 	4.868
998	180.00	1800 	4.873
999	180.00	1800 	4.878
1000	180.00	1800 	4.883
1001	180.00	1800 	4.888
1002	180.00	1800 	4.893
1003	180.00	1800 	4.897
1004	180.00	1800 	4.902
1005	180.00	1800 	4.907
1006	180.00	1800 	4.912
1007	180.00	1800 	4.917
1008	180.00	1800 	4.922
1009	180.00	1800 	4.927
1010	180.00	1800 	4.932
1011	180.00	1800 	4.937
1012	180.00	1800 	4.941
1013	180.00	1800 	4.946
1014	180.00	1800 	4.951
1015	180.00	1800 	4.956
1016	180.00	1800 	4.961
1017	180.00	1800 	4.966
1018	180.00	1800 	4.971
1019	180.00	1800 	4.976
1020	180.00	1800 	4.980
1021	180.00	1800 	4.985
1022	180.00	1800 	4.990
1023	0.00	0 	4.995
