//------------------------------------------------------------------------------
//--  Generated by TunerStudio 
//--  Date: 2-16-2014
//--  Time: 15:22
//--  This file merely records what was sent to your Controller,        
//--  and may be deleted at any time.                                                    
//--  Selected type: Coolant Temperature Sensor 
//------------------------------------------------------------------------------

//-- generated using refTable Generator:thermGenerator
//-- Table Identifier:000//--    Generated by ThermTableGenerator using user input values. 
//--    Bias Resistor value: 2490.0 Ohms
//--    Temperature1: -4.0(F), 	Resistance 1: 16200.0 Ohms 
//--    Temperature2: 68.0(F), 	Resistance 2: 2500.0 Ohms 
//--    Temperature3: 176.0(F), 	Resistance 3: 300.0 Ohms 
//-- 

//----------------------------------------------------------//
ADC 	Value 	MSVal 	volts
0	180.00	1800 	0.000
1	180.00	1800 	0.005
2	180.00	1800 	0.010
3	180.00	1800 	0.015
4	180.00	1800 	0.020
5	180.00	1800 	0.024
6	180.00	1800 	0.029
7	180.00	1800 	0.034
8	180.00	1800 	0.039
9	180.00	1800 	0.044
10	180.00	1800 	0.049
11	180.00	1800 	0.054
12	348.77	3488 	0.059
13	341.29	3413 	0.063
14	334.48	3345 	0.068
15	328.22	3282 	0.073
16	322.45	3225 	0.078
17	317.10	3171 	0.083
18	312.10	3121 	0.088
19	307.43	3074 	0.093
20	303.04	3030 	0.098
21	298.91	2989 	0.103
22	295.00	2950 	0.107
23	291.30	2913 	0.112
24	287.78	2878 	0.117
25	284.44	2844 	0.122
26	281.24	2812 	0.127
27	278.19	2782 	0.132
28	275.27	2753 	0.137
29	272.46	2725 	0.142
30	269.77	2698 	0.146
31	267.18	2672 	0.151
32	264.69	2647 	0.156
33	262.29	2623 	0.161
34	259.97	2600 	0.166
35	257.73	2577 	0.171
36	255.56	2556 	0.176
37	253.46	2535 	0.181
38	251.42	2514 	0.186
39	249.45	2495 	0.190
40	247.53	2475 	0.195
41	245.67	2457 	0.200
42	243.86	2439 	0.205
43	242.10	2421 	0.210
44	240.39	2404 	0.215
45	238.72	2387 	0.220
46	237.09	2371 	0.225
47	235.50	2355 	0.229
48	233.95	2340 	0.234
49	232.44	2324 	0.239
50	230.96	2310 	0.244
51	229.51	2295 	0.249
52	228.10	2281 	0.254
53	226.72	2267 	0.259
54	225.36	2254 	0.264
55	224.04	2240 	0.269
56	222.74	2227 	0.273
57	221.47	2215 	0.278
58	220.22	2202 	0.283
59	219.00	2190 	0.288
60	217.80	2178 	0.293
61	216.62	2166 	0.298
62	215.47	2155 	0.303
63	214.33	2143 	0.308
64	213.22	2132 	0.313
65	212.12	2121 	0.317
66	211.04	2110 	0.322
67	209.99	2100 	0.327
68	208.94	2089 	0.332
69	207.92	2079 	0.337
70	206.91	2069 	0.342
71	205.92	2059 	0.347
72	204.94	2049 	0.352
73	203.98	2040 	0.356
74	203.04	2030 	0.361
75	202.10	2021 	0.366
76	201.19	2012 	0.371
77	200.28	2003 	0.376
78	199.39	1994 	0.381
79	198.51	1985 	0.386
80	197.64	1976 	0.391
81	196.78	1968 	0.396
82	195.94	1959 	0.400
83	195.11	1951 	0.405
84	194.28	1943 	0.410
85	193.47	1935 	0.415
86	192.67	1927 	0.420
87	191.88	1919 	0.425
88	191.10	1911 	0.430
89	190.33	1903 	0.435
90	189.56	1896 	0.439
91	188.81	1888 	0.444
92	188.07	1881 	0.449
93	187.33	1873 	0.454
94	186.61	1866 	0.459
95	185.89	1859 	0.464
96	185.18	1852 	0.469
97	184.48	1845 	0.474
98	183.78	1838 	0.479
99	183.09	1831 	0.483
100	182.42	1824 	0.488
101	181.74	1817 	0.493
102	181.08	1811 	0.498
103	180.42	1804 	0.503
104	179.77	1798 	0.508
105	179.13	1791 	0.513
106	178.49	1785 	0.518
107	177.86	1779 	0.522
108	177.23	1772 	0.527
109	176.61	1766 	0.532
110	176.00	1760 	0.537
111	175.39	1754 	0.542
112	174.79	1748 	0.547
113	174.20	1742 	0.552
114	173.61	1736 	0.557
115	173.02	1730 	0.562
116	172.44	1724 	0.566
117	171.87	1719 	0.571
118	171.30	1713 	0.576
119	170.74	1707 	0.581
120	170.18	1702 	0.586
121	169.63	1696 	0.591
122	169.08	1691 	0.596
123	168.53	1685 	0.601
124	167.99	1680 	0.605
125	167.46	1675 	0.610
126	166.93	1669 	0.615
127	166.40	1664 	0.620
128	165.88	1659 	0.625
129	165.36	1654 	0.630
130	164.85	1648 	0.635
131	164.34	1643 	0.640
132	163.83	1638 	0.645
133	163.33	1633 	0.649
134	162.84	1628 	0.654
135	162.34	1623 	0.659
136	161.85	1619 	0.664
137	161.37	1614 	0.669
138	160.88	1609 	0.674
139	160.41	1604 	0.679
140	159.93	1599 	0.684
141	159.46	1595 	0.688
142	158.99	1590 	0.693
143	158.52	1585 	0.698
144	158.06	1581 	0.703
145	157.60	1576 	0.708
146	157.15	1571 	0.713
147	156.70	1567 	0.718
148	156.25	1562 	0.723
149	155.80	1558 	0.728
150	155.36	1554 	0.732
151	154.92	1549 	0.737
152	154.48	1545 	0.742
153	154.05	1541 	0.747
154	153.62	1536 	0.752
155	153.19	1532 	0.757
156	152.77	1528 	0.762
157	152.34	1523 	0.767
158	151.92	1519 	0.771
159	151.51	1515 	0.776
160	151.09	1511 	0.781
161	150.68	1507 	0.786
162	150.27	1503 	0.791
163	149.86	1499 	0.796
164	149.46	1495 	0.801
165	149.06	1491 	0.806
166	148.66	1487 	0.811
167	148.26	1483 	0.815
168	147.86	1479 	0.820
169	147.47	1475 	0.825
170	147.08	1471 	0.830
171	146.69	1467 	0.835
172	146.31	1463 	0.840
173	145.93	1459 	0.845
174	145.54	1455 	0.850
175	145.16	1452 	0.854
176	144.79	1448 	0.859
177	144.41	1444 	0.864
178	144.04	1440 	0.869
179	143.67	1437 	0.874
180	143.30	1433 	0.879
181	142.93	1429 	0.884
182	142.57	1426 	0.889
183	142.21	1422 	0.894
184	141.85	1418 	0.898
185	141.49	1415 	0.903
186	141.13	1411 	0.908
187	140.77	1408 	0.913
188	140.42	1404 	0.918
189	140.07	1401 	0.923
190	139.72	1397 	0.928
191	139.37	1394 	0.933
192	139.02	1390 	0.938
193	138.68	1387 	0.942
194	138.34	1383 	0.947
195	138.00	1380 	0.952
196	137.66	1377 	0.957
197	137.32	1373 	0.962
198	136.98	1370 	0.967
199	136.65	1366 	0.972
200	136.32	1363 	0.977
201	135.98	1360 	0.981
202	135.65	1357 	0.986
203	135.33	1353 	0.991
204	135.00	1350 	0.996
205	134.67	1347 	1.001
206	134.35	1343 	1.006
207	134.03	1340 	1.011
208	133.71	1337 	1.016
209	133.39	1334 	1.021
210	133.07	1331 	1.025
211	132.75	1328 	1.030
212	132.44	1324 	1.035
213	132.12	1321 	1.040
214	131.81	1318 	1.045
215	131.50	1315 	1.050
216	131.19	1312 	1.055
217	130.88	1309 	1.060
218	130.58	1306 	1.064
219	130.27	1303 	1.069
220	129.97	1300 	1.074
221	129.66	1297 	1.079
222	129.36	1294 	1.084
223	129.06	1291 	1.089
224	128.76	1288 	1.094
225	128.46	1285 	1.099
226	128.17	1282 	1.104
227	127.87	1279 	1.108
228	127.57	1276 	1.113
229	127.28	1273 	1.118
230	126.99	1270 	1.123
231	126.70	1267 	1.128
232	126.41	1264 	1.133
233	126.12	1261 	1.138
234	125.83	1258 	1.143
235	125.54	1255 	1.147
236	125.26	1253 	1.152
237	124.97	1250 	1.157
238	124.69	1247 	1.162
239	124.41	1244 	1.167
240	124.13	1241 	1.172
241	123.85	1238 	1.177
242	123.57	1236 	1.182
243	123.29	1233 	1.187
244	123.01	1230 	1.191
245	122.74	1227 	1.196
246	122.46	1225 	1.201
247	122.19	1222 	1.206
248	121.91	1219 	1.211
249	121.64	1216 	1.216
250	121.37	1214 	1.221
251	121.10	1211 	1.226
252	120.83	1208 	1.230
253	120.56	1206 	1.235
254	120.30	1203 	1.240
255	120.03	1200 	1.245
256	119.76	1198 	1.250
257	119.50	1195 	1.255
258	119.24	1192 	1.260
259	118.97	1190 	1.265
260	118.71	1187 	1.270
261	118.45	1184 	1.274
262	118.19	1182 	1.279
263	117.93	1179 	1.284
264	117.67	1177 	1.289
265	117.41	1174 	1.294
266	117.16	1172 	1.299
267	116.90	1169 	1.304
268	116.64	1166 	1.309
269	116.39	1164 	1.313
270	116.14	1161 	1.318
271	115.88	1159 	1.323
272	115.63	1156 	1.328
273	115.38	1154 	1.333
274	115.13	1151 	1.338
275	114.88	1149 	1.343
276	114.63	1146 	1.348
277	114.38	1144 	1.353
278	114.13	1141 	1.357
279	113.89	1139 	1.362
280	113.64	1136 	1.367
281	113.40	1134 	1.372
282	113.15	1132 	1.377
283	112.91	1129 	1.382
284	112.66	1127 	1.387
285	112.42	1124 	1.392
286	112.18	1122 	1.396
287	111.94	1119 	1.401
288	111.70	1117 	1.406
289	111.46	1115 	1.411
290	111.22	1112 	1.416
291	110.98	1110 	1.421
292	110.74	1107 	1.426
293	110.51	1105 	1.431
294	110.27	1103 	1.436
295	110.03	1100 	1.440
296	109.80	1098 	1.445
297	109.56	1096 	1.450
298	109.33	1093 	1.455
299	109.10	1091 	1.460
300	108.86	1089 	1.465
301	108.63	1086 	1.470
302	108.40	1084 	1.475
303	108.17	1082 	1.479
304	107.94	1079 	1.484
305	107.71	1077 	1.489
306	107.48	1075 	1.494
307	107.25	1073 	1.499
308	107.02	1070 	1.504
309	106.80	1068 	1.509
310	106.57	1066 	1.514
311	106.34	1063 	1.519
312	106.12	1061 	1.523
313	105.89	1059 	1.528
314	105.67	1057 	1.533
315	105.44	1054 	1.538
316	105.22	1052 	1.543
317	105.00	1050 	1.548
318	104.78	1048 	1.553
319	104.55	1046 	1.558
320	104.33	1043 	1.563
321	104.11	1041 	1.567
322	103.89	1039 	1.572
323	103.67	1037 	1.577
324	103.45	1035 	1.582
325	103.23	1032 	1.587
326	103.02	1030 	1.592
327	102.80	1028 	1.597
328	102.58	1026 	1.602
329	102.36	1024 	1.606
330	102.15	1021 	1.611
331	101.93	1019 	1.616
332	101.72	1017 	1.621
333	101.50	1015 	1.626
334	101.29	1013 	1.631
335	101.07	1011 	1.636
336	100.86	1009 	1.641
337	100.65	1006 	1.646
338	100.44	1004 	1.650
339	100.22	1002 	1.655
340	100.01	1000 	1.660
341	99.80	998 	1.665
342	99.59	996 	1.670
343	99.38	994 	1.675
344	99.17	992 	1.680
345	98.96	990 	1.685
346	98.75	988 	1.689
347	98.54	985 	1.694
348	98.34	983 	1.699
349	98.13	981 	1.704
350	97.92	979 	1.709
351	97.72	977 	1.714
352	97.51	975 	1.719
353	97.30	973 	1.724
354	97.10	971 	1.729
355	96.89	969 	1.733
356	96.69	967 	1.738
357	96.48	965 	1.743
358	96.28	963 	1.748
359	96.08	961 	1.753
360	95.87	959 	1.758
361	95.67	957 	1.763
362	95.47	955 	1.768
363	95.27	953 	1.772
364	95.06	951 	1.777
365	94.86	949 	1.782
366	94.66	947 	1.787
367	94.46	945 	1.792
368	94.26	943 	1.797
369	94.06	941 	1.802
370	93.86	939 	1.807
371	93.66	937 	1.812
372	93.46	935 	1.816
373	93.27	933 	1.821
374	93.07	931 	1.826
375	92.87	929 	1.831
376	92.67	927 	1.836
377	92.47	925 	1.841
378	92.28	923 	1.846
379	92.08	921 	1.851
380	91.89	919 	1.855
381	91.69	917 	1.860
382	91.49	915 	1.865
383	91.30	913 	1.870
384	91.10	911 	1.875
385	90.91	909 	1.880
386	90.72	907 	1.885
387	90.52	905 	1.890
388	90.33	903 	1.895
389	90.14	901 	1.899
390	89.94	899 	1.904
391	89.75	898 	1.909
392	89.56	896 	1.914
393	89.37	894 	1.919
394	89.17	892 	1.924
395	88.98	890 	1.929
396	88.79	888 	1.934
397	88.60	886 	1.938
398	88.41	884 	1.943
399	88.22	882 	1.948
400	88.03	880 	1.953
401	87.84	878 	1.958
402	87.65	877 	1.963
403	87.46	875 	1.968
404	87.27	873 	1.973
405	87.09	871 	1.978
406	86.90	869 	1.982
407	86.71	867 	1.987
408	86.52	865 	1.992
409	86.33	863 	1.997
410	86.15	861 	2.002
411	85.96	860 	2.007
412	85.77	858 	2.012
413	85.59	856 	2.017
414	85.40	854 	2.021
415	85.21	852 	2.026
416	85.03	850 	2.031
417	84.84	848 	2.036
418	84.66	847 	2.041
419	84.47	845 	2.046
420	84.29	843 	2.051
421	84.10	841 	2.056
422	83.92	839 	2.061
423	83.74	837 	2.065
424	83.55	836 	2.070
425	83.37	834 	2.075
426	83.19	832 	2.080
427	83.00	830 	2.085
428	82.82	828 	2.090
429	82.64	826 	2.095
430	82.45	825 	2.100
431	82.27	823 	2.104
432	82.09	821 	2.109
433	81.91	819 	2.114
434	81.73	817 	2.119
435	81.55	815 	2.124
436	81.36	814 	2.129
437	81.18	812 	2.134
438	81.00	810 	2.139
439	80.82	808 	2.144
440	80.64	806 	2.148
441	80.46	805 	2.153
442	80.28	803 	2.158
443	80.10	801 	2.163
444	79.92	799 	2.168
445	79.74	797 	2.173
446	79.56	796 	2.178
447	79.39	794 	2.183
448	79.21	792 	2.188
449	79.03	790 	2.192
450	78.85	789 	2.197
451	78.67	787 	2.202
452	78.49	785 	2.207
453	78.32	783 	2.212
454	78.14	781 	2.217
455	77.96	780 	2.222
456	77.78	778 	2.227
457	77.61	776 	2.231
458	77.43	774 	2.236
459	77.25	773 	2.241
460	77.08	771 	2.246
461	76.90	769 	2.251
462	76.72	767 	2.256
463	76.55	765 	2.261
464	76.37	764 	2.266
465	76.20	762 	2.271
466	76.02	760 	2.275
467	75.85	758 	2.280
468	75.67	757 	2.285
469	75.49	755 	2.290
470	75.32	753 	2.295
471	75.14	751 	2.300
472	74.97	750 	2.305
473	74.80	748 	2.310
474	74.62	746 	2.314
475	74.45	744 	2.319
476	74.27	743 	2.324
477	74.10	741 	2.329
478	73.93	739 	2.334
479	73.75	738 	2.339
480	73.58	736 	2.344
481	73.40	734 	2.349
482	73.23	732 	2.354
483	73.06	731 	2.358
484	72.89	729 	2.363
485	72.71	727 	2.368
486	72.54	725 	2.373
487	72.37	724 	2.378
488	72.19	722 	2.383
489	72.02	720 	2.388
490	71.85	718 	2.393
491	71.68	717 	2.397
492	71.51	715 	2.402
493	71.33	713 	2.407
494	71.16	712 	2.412
495	70.99	710 	2.417
496	70.82	708 	2.422
497	70.65	706 	2.427
498	70.48	705 	2.432
499	70.31	703 	2.437
500	70.13	701 	2.441
501	69.96	700 	2.446
502	69.79	698 	2.451
503	69.62	696 	2.456
504	69.45	695 	2.461
505	69.28	693 	2.466
506	69.11	691 	2.471
507	68.94	689 	2.476
508	68.77	688 	2.480
509	68.60	686 	2.485
510	68.43	684 	2.490
511	68.26	683 	2.495
512	68.09	681 	2.500
513	67.92	679 	2.505
514	67.75	677 	2.510
515	67.58	676 	2.515
516	67.41	674 	2.520
517	67.24	672 	2.524
518	67.07	671 	2.529
519	66.90	669 	2.534
520	66.73	667 	2.539
521	66.56	666 	2.544
522	66.40	664 	2.549
523	66.23	662 	2.554
524	66.06	661 	2.559
525	65.89	659 	2.563
526	65.72	657 	2.568
527	65.55	656 	2.573
528	65.38	654 	2.578
529	65.21	652 	2.583
530	65.05	650 	2.588
531	64.88	649 	2.593
532	64.71	647 	2.598
533	64.54	645 	2.603
534	64.37	644 	2.607
535	64.20	642 	2.612
536	64.04	640 	2.617
537	63.87	639 	2.622
538	63.70	637 	2.627
539	63.53	635 	2.632
540	63.36	634 	2.637
541	63.20	632 	2.642
542	63.03	630 	2.646
543	62.86	629 	2.651
544	62.69	627 	2.656
545	62.53	625 	2.661
546	62.36	624 	2.666
547	62.19	622 	2.671
548	62.02	620 	2.676
549	61.86	619 	2.681
550	61.69	617 	2.686
551	61.52	615 	2.690
552	61.35	614 	2.695
553	61.19	612 	2.700
554	61.02	610 	2.705
555	60.85	609 	2.710
556	60.68	607 	2.715
557	60.52	605 	2.720
558	60.35	604 	2.725
559	60.18	602 	2.729
560	60.02	600 	2.734
561	59.85	598 	2.739
562	59.68	597 	2.744
563	59.52	595 	2.749
564	59.35	593 	2.754
565	59.18	592 	2.759
566	59.01	590 	2.764
567	58.85	588 	2.769
568	58.68	587 	2.773
569	58.51	585 	2.778
570	58.35	583 	2.783
571	58.18	582 	2.788
572	58.01	580 	2.793
573	57.85	578 	2.798
574	57.68	577 	2.803
575	57.51	575 	2.808
576	57.35	573 	2.813
577	57.18	572 	2.817
578	57.01	570 	2.822
579	56.85	568 	2.827
580	56.68	567 	2.832
581	56.51	565 	2.837
582	56.35	563 	2.842
583	56.18	562 	2.847
584	56.01	560 	2.852
585	55.85	558 	2.856
586	55.68	557 	2.861
587	55.51	555 	2.866
588	55.34	553 	2.871
589	55.18	552 	2.876
590	55.01	550 	2.881
591	54.84	548 	2.886
592	54.68	547 	2.891
593	54.51	545 	2.896
594	54.34	543 	2.900
595	54.18	542 	2.905
596	54.01	540 	2.910
597	53.84	538 	2.915
598	53.68	537 	2.920
599	53.51	535 	2.925
600	53.34	533 	2.930
601	53.18	532 	2.935
602	53.01	530 	2.939
603	52.84	528 	2.944
604	52.67	527 	2.949
605	52.51	525 	2.954
606	52.34	523 	2.959
607	52.17	522 	2.964
608	52.00	520 	2.969
609	51.84	518 	2.974
610	51.67	517 	2.979
611	51.50	515 	2.983
612	51.34	513 	2.988
613	51.17	512 	2.993
614	51.00	510 	2.998
615	50.83	508 	3.003
616	50.67	507 	3.008
617	50.50	505 	3.013
618	50.33	503 	3.018
619	50.16	502 	3.022
620	49.99	500 	3.027
621	49.83	498 	3.032
622	49.66	497 	3.037
623	49.49	495 	3.042
624	49.32	493 	3.047
625	49.15	492 	3.052
626	48.99	490 	3.057
627	48.82	488 	3.062
628	48.65	486 	3.066
629	48.48	485 	3.071
630	48.31	483 	3.076
631	48.14	481 	3.081
632	47.98	480 	3.086
633	47.81	478 	3.091
634	47.64	476 	3.096
635	47.47	475 	3.101
636	47.30	473 	3.105
637	47.13	471 	3.110
638	46.96	470 	3.115
639	46.79	468 	3.120
640	46.62	466 	3.125
641	46.46	465 	3.130
642	46.29	463 	3.135
643	46.12	461 	3.140
644	45.95	459 	3.145
645	45.78	458 	3.149
646	45.61	456 	3.154
647	45.44	454 	3.159
648	45.27	453 	3.164
649	45.10	451 	3.169
650	44.93	449 	3.174
651	44.76	448 	3.179
652	44.59	446 	3.184
653	44.42	444 	3.188
654	44.25	442 	3.193
655	44.08	441 	3.198
656	43.90	439 	3.203
657	43.73	437 	3.208
658	43.56	436 	3.213
659	43.39	434 	3.218
660	43.22	432 	3.223
661	43.05	430 	3.228
662	42.88	429 	3.232
663	42.71	427 	3.237
664	42.53	425 	3.242
665	42.36	424 	3.247
666	42.19	422 	3.252
667	42.02	420 	3.257
668	41.85	418 	3.262
669	41.67	417 	3.267
670	41.50	415 	3.271
671	41.33	413 	3.276
672	41.16	412 	3.281
673	40.98	410 	3.286
674	40.81	408 	3.291
675	40.64	406 	3.296
676	40.46	405 	3.301
677	40.29	403 	3.306
678	40.12	401 	3.311
679	39.94	399 	3.315
680	39.77	398 	3.320
681	39.60	396 	3.325
682	39.42	394 	3.330
683	39.25	392 	3.335
684	39.07	391 	3.340
685	38.90	389 	3.345
686	38.72	387 	3.350
687	38.55	385 	3.354
688	38.37	384 	3.359
689	38.20	382 	3.364
690	38.02	380 	3.369
691	37.85	378 	3.374
692	37.67	377 	3.379
693	37.50	375 	3.384
694	37.32	373 	3.389
695	37.14	371 	3.394
696	36.97	370 	3.398
697	36.79	368 	3.403
698	36.61	366 	3.408
699	36.44	364 	3.413
700	36.26	363 	3.418
701	36.08	361 	3.423
702	35.90	359 	3.428
703	35.73	357 	3.433
704	35.55	355 	3.438
705	35.37	354 	3.442
706	35.19	352 	3.447
707	35.01	350 	3.452
708	34.83	348 	3.457
709	34.65	347 	3.462
710	34.48	345 	3.467
711	34.30	343 	3.472
712	34.12	341 	3.477
713	33.94	339 	3.481
714	33.76	338 	3.486
715	33.58	336 	3.491
716	33.39	334 	3.496
717	33.21	332 	3.501
718	33.03	330 	3.506
719	32.85	329 	3.511
720	32.67	327 	3.516
721	32.49	325 	3.521
722	32.31	323 	3.525
723	32.12	321 	3.530
724	31.94	319 	3.535
725	31.76	318 	3.540
726	31.58	316 	3.545
727	31.39	314 	3.550
728	31.21	312 	3.555
729	31.03	310 	3.560
730	30.84	308 	3.564
731	30.66	307 	3.569
732	30.47	305 	3.574
733	30.29	303 	3.579
734	30.10	301 	3.584
735	29.92	299 	3.589
736	29.73	297 	3.594
737	29.55	295 	3.599
738	29.36	294 	3.604
739	29.17	292 	3.608
740	28.99	290 	3.613
741	28.80	288 	3.618
742	28.61	286 	3.623
743	28.42	284 	3.628
744	28.24	282 	3.633
745	28.05	280 	3.638
746	27.86	279 	3.643
747	27.67	277 	3.647
748	27.48	275 	3.652
749	27.29	273 	3.657
750	27.10	271 	3.662
751	26.91	269 	3.667
752	26.72	267 	3.672
753	26.53	265 	3.677
754	26.34	263 	3.682
755	26.15	261 	3.687
756	25.96	260 	3.691
757	25.76	258 	3.696
758	25.57	256 	3.701
759	25.38	254 	3.706
760	25.18	252 	3.711
761	24.99	250 	3.716
762	24.80	248 	3.721
763	24.60	246 	3.726
764	24.41	244 	3.730
765	24.21	242 	3.735
766	24.02	240 	3.740
767	23.82	238 	3.745
768	23.63	236 	3.750
769	23.43	234 	3.755
770	23.23	232 	3.760
771	23.03	230 	3.765
772	22.84	228 	3.770
773	22.64	226 	3.774
774	22.44	224 	3.779
775	22.24	222 	3.784
776	22.04	220 	3.789
777	21.84	218 	3.794
778	21.64	216 	3.799
779	21.44	214 	3.804
780	21.24	212 	3.809
781	21.04	210 	3.813
782	20.84	208 	3.818
783	20.63	206 	3.823
784	20.43	204 	3.828
785	20.23	202 	3.833
786	20.02	200 	3.838
787	19.82	198 	3.843
788	19.62	196 	3.848
789	19.41	194 	3.853
790	19.20	192 	3.857
791	19.00	190 	3.862
792	18.79	188 	3.867
793	18.58	186 	3.872
794	18.38	184 	3.877
795	18.17	182 	3.882
796	17.96	180 	3.887
797	17.75	178 	3.892
798	17.54	175 	3.896
799	17.33	173 	3.901
800	17.12	171 	3.906
801	16.91	169 	3.911
802	16.70	167 	3.916
803	16.49	165 	3.921
804	16.27	163 	3.926
805	16.06	161 	3.931
806	15.85	158 	3.936
807	15.63	156 	3.940
808	15.42	154 	3.945
809	15.20	152 	3.950
810	14.98	150 	3.955
811	14.77	148 	3.960
812	14.55	145 	3.965
813	14.33	143 	3.970
814	14.11	141 	3.975
815	13.89	139 	3.979
816	13.67	137 	3.984
817	13.45	135 	3.989
818	13.23	132 	3.994
819	13.01	130 	3.999
820	12.79	128 	4.004
821	12.57	126 	4.009
822	12.34	123 	4.014
823	12.12	121 	4.019
824	11.89	119 	4.023
825	11.67	117 	4.028
826	11.44	114 	4.033
827	11.21	112 	4.038
828	10.98	110 	4.043
829	10.76	108 	4.048
830	10.53	105 	4.053
831	10.30	103 	4.058
832	10.07	101 	4.063
833	9.83	98 	4.067
834	9.60	96 	4.072
835	9.37	94 	4.077
836	9.13	91 	4.082
837	8.90	89 	4.087
838	8.66	87 	4.092
839	8.43	84 	4.097
840	8.19	82 	4.102
841	7.95	80 	4.106
842	7.71	77 	4.111
843	7.47	75 	4.116
844	7.23	72 	4.121
845	6.99	70 	4.126
846	6.75	68 	4.131
847	6.51	65 	4.136
848	6.26	63 	4.141
849	6.02	60 	4.146
850	5.77	58 	4.150
851	5.53	55 	4.155
852	5.28	53 	4.160
853	5.03	50 	4.165
854	4.78	48 	4.170
855	4.53	45 	4.175
856	4.28	43 	4.180
857	4.03	40 	4.185
858	3.77	38 	4.189
859	3.52	35 	4.194
860	3.26	33 	4.199
861	3.01	30 	4.204
862	2.75	27 	4.209
863	2.49	25 	4.214
864	2.23	22 	4.219
865	1.97	20 	4.224
866	1.71	17 	4.229
867	1.44	14 	4.233
868	1.18	12 	4.238
869	0.91	9 	4.243
870	0.65	6 	4.248
871	0.38	4 	4.253
872	0.11	1 	4.258
873	-0.16	-2 	4.263
874	-0.43	-4 	4.268
875	-0.71	-7 	4.272
876	-0.98	-10 	4.277
877	-1.25	-13 	4.282
878	-1.53	-15 	4.287
879	-1.81	-18 	4.292
880	-2.09	-21 	4.297
881	-2.37	-24 	4.302
882	-2.65	-27 	4.307
883	-2.94	-29 	4.312
884	-3.22	-32 	4.316
885	-3.51	-35 	4.321
886	-3.79	-38 	4.326
887	-4.08	-41 	4.331
888	-4.38	-44 	4.336
889	-4.67	-47 	4.341
890	-4.96	-50 	4.346
891	-5.26	-53 	4.351
892	-5.55	-56 	4.355
893	-5.85	-59 	4.360
894	-6.15	-62 	4.365
895	-6.46	-65 	4.370
896	-6.76	-68 	4.375
897	-7.07	-71 	4.380
898	-7.37	-74 	4.385
899	-7.68	-77 	4.390
900	-7.99	-80 	4.395
901	-8.31	-83 	4.399
902	-8.62	-86 	4.404
903	-8.94	-89 	4.409
904	-9.26	-93 	4.414
905	-9.58	-96 	4.419
906	-9.90	-99 	4.424
907	-10.22	-102 	4.429
908	-10.55	-106 	4.434
909	-10.88	-109 	4.438
910	-11.21	-112 	4.443
911	-11.54	-115 	4.448
912	-11.88	-119 	4.453
913	-12.22	-122 	4.458
914	-12.56	-126 	4.463
915	-12.90	-129 	4.468
916	-13.24	-132 	4.473
917	-13.59	-136 	4.478
918	-13.94	-139 	4.482
919	-14.29	-143 	4.487
920	-14.65	-146 	4.492
921	-15.01	-150 	4.497
922	-15.37	-154 	4.502
923	-15.73	-157 	4.507
924	-16.09	-161 	4.512
925	-16.46	-165 	4.517
926	-16.83	-168 	4.521
927	-17.21	-172 	4.526
928	-17.58	-176 	4.531
929	-17.97	-180 	4.536
930	-18.35	-183 	4.541
931	-18.74	-187 	4.546
932	-19.13	-191 	4.551
933	-19.52	-195 	4.556
934	-19.92	-199 	4.561
935	-20.32	-203 	4.565
936	-20.72	-207 	4.570
937	-21.13	-211 	4.575
938	-21.54	-215 	4.580
939	-21.95	-220 	4.585
940	-22.37	-224 	4.590
941	-22.79	-228 	4.595
942	-23.22	-232 	4.600
943	-23.65	-237 	4.604
944	-24.09	-241 	4.609
945	-24.53	-245 	4.614
946	-24.97	-250 	4.619
947	-25.42	-254 	4.624
948	-25.88	-259 	4.629
949	-26.33	-263 	4.634
950	-26.80	-268 	4.639
951	-27.27	-273 	4.644
952	-27.74	-277 	4.648
953	-28.22	-282 	4.653
954	-28.70	-287 	4.658
955	-29.19	-292 	4.663
956	-29.69	-297 	4.668
957	-30.19	-302 	4.673
958	-30.70	-307 	4.678
959	-31.22	-312 	4.683
960	-31.74	-317 	4.688
961	-32.27	-323 	4.692
962	-32.80	-328 	4.697
963	-33.35	-333 	4.702
964	-33.90	-339 	4.707
965	-34.45	-345 	4.712
966	-35.02	-350 	4.717
967	-35.59	-356 	4.722
968	-36.18	-362 	4.727
969	-36.77	-368 	4.731
970	-37.37	-374 	4.736
971	-37.98	-380 	4.741
972	-38.60	-386 	4.746
973	-39.23	-392 	4.751
974	-39.87	-399 	4.756
975	180.00	1800 	4.761
976	180.00	1800 	4.766
977	180.00	1800 	4.771
978	180.00	1800 	4.775
979	180.00	1800 	4.780
980	180.00	1800 	4.785
981	180.00	1800 	4.790
982	180.00	1800 	4.795
983	180.00	1800 	4.800
984	180.00	1800 	4.805
985	180.00	1800 	4.810
986	180.00	1800 	4.814
987	180.00	1800 	4.819
988	180.00	1800 	4.824
989	180.00	1800 	4.829
990	180.00	1800 	4.834
991	180.00	1800 	4.839
992	180.00	1800 	4.844
993	180.00	1800 	4.849
994	180.00	1800 	4.854
995	180.00	1800 	4.858
996	180.00	1800 	4.863
997	180.00	1800 	4.868
998	180.00	1800 	4.873
999	180.00	1800 	4.878
1000	180.00	1800 	4.883
1001	180.00	1800 	4.888
1002	180.00	1800 	4.893
1003	180.00	1800 	4.897
1004	180.00	1800 	4.902
1005	180.00	1800 	4.907
1006	180.00	1800 	4.912
1007	180.00	1800 	4.917
1008	180.00	1800 	4.922
1009	180.00	1800 	4.927
1010	180.00	1800 	4.932
1011	180.00	1800 	4.937
1012	180.00	1800 	4.941
1013	180.00	1800 	4.946
1014	180.00	1800 	4.951
1015	180.00	1800 	4.956
1016	180.00	1800 	4.961
1017	180.00	1800 	4.966
1018	180.00	1800 	4.971
1019	180.00	1800 	4.976
1020	180.00	1800 	4.980
1021	180.00	1800 	4.985
1022	180.00	1800 	4.990
1023	180.00	1800 	4.995
