//------------------------------------------------------------------------------
//--  Generated by TunerStudio 
//--  Date: 2-15-2014
//--  Time: 16:47
//--  This file merely records what was sent to your Controller,        
//--  and may be deleted at any time.                                                    
//--  Selected type: Coolant Temperature Sensor 
//------------------------------------------------------------------------------

//-- generated using refTable Generator:thermGenerator
//-- Table Identifier:000//--    Generated by ThermTableGenerator using user input values. 
//--    Bias Resistor value: 50000.0 Ohms
//--    Temperature1: -40.0(F), 	Resistance 1: 2022088.0 Ohms 
//--    Temperature2: 69.8(F), 	Resistance 2: 68273.0 Ohms 
//--    Temperature3: 210.2(F), 	Resistance 3: 3715.0 Ohms 
//-- 

//----------------------------------------------------------//
ADC 	Value 	MSVal 	volts
0	180.00	1800 	0.000
1	180.00	1800 	0.005
2	180.00	1800 	0.010
3	180.00	1800 	0.015
4	180.00	1800 	0.020
5	180.00	1800 	0.024
6	180.00	1800 	0.029
7	180.00	1800 	0.034
8	180.00	1800 	0.039
9	180.00	1800 	0.044
10	180.00	1800 	0.049
11	345.18	3452 	0.054
12	337.93	3379 	0.059
13	331.35	3313 	0.063
14	325.34	3253 	0.068
15	319.82	3198 	0.073
16	314.72	3147 	0.078
17	309.98	3100 	0.083
18	305.55	3056 	0.088
19	301.40	3014 	0.093
20	297.50	2975 	0.098
21	293.82	2938 	0.103
22	290.34	2903 	0.107
23	287.04	2870 	0.112
24	283.90	2839 	0.117
25	280.90	2809 	0.122
26	278.05	2780 	0.127
27	275.31	2753 	0.132
28	272.70	2727 	0.137
29	270.18	2702 	0.142
30	267.77	2678 	0.146
31	265.44	2654 	0.151
32	263.21	2632 	0.156
33	261.04	2610 	0.161
34	258.96	2590 	0.166
35	256.94	2569 	0.171
36	254.99	2550 	0.176
37	253.09	2531 	0.181
38	251.26	2513 	0.186
39	249.48	2495 	0.190
40	247.75	2477 	0.195
41	246.07	2461 	0.200
42	244.43	2444 	0.205
43	242.84	2428 	0.210
44	241.29	2413 	0.215
45	239.78	2398 	0.220
46	238.30	2383 	0.225
47	236.87	2369 	0.229
48	235.46	2355 	0.234
49	234.09	2341 	0.239
50	232.75	2328 	0.244
51	231.44	2314 	0.249
52	230.16	2302 	0.254
53	228.90	2289 	0.259
54	227.67	2277 	0.264
55	226.47	2265 	0.269
56	225.29	2253 	0.273
57	224.14	2241 	0.278
58	223.00	2230 	0.283
59	221.89	2219 	0.288
60	220.80	2208 	0.293
61	219.73	2197 	0.298
62	218.68	2187 	0.303
63	217.64	2176 	0.308
64	216.63	2166 	0.313
65	215.63	2156 	0.317
66	214.65	2146 	0.322
67	213.68	2137 	0.327
68	212.73	2127 	0.332
69	211.80	2118 	0.337
70	210.88	2109 	0.342
71	209.98	2100 	0.347
72	209.09	2091 	0.352
73	208.21	2082 	0.356
74	207.34	2073 	0.361
75	206.49	2065 	0.366
76	205.65	2057 	0.371
77	204.83	2048 	0.376
78	204.01	2040 	0.381
79	203.21	2032 	0.386
80	202.41	2024 	0.391
81	201.63	2016 	0.396
82	200.86	2009 	0.400
83	200.09	2001 	0.405
84	199.34	1993 	0.410
85	198.60	1986 	0.415
86	197.87	1979 	0.420
87	197.14	1971 	0.425
88	196.43	1964 	0.430
89	195.72	1957 	0.435
90	195.02	1950 	0.439
91	194.33	1943 	0.444
92	193.65	1937 	0.449
93	192.98	1930 	0.454
94	192.31	1923 	0.459
95	191.65	1917 	0.464
96	191.00	1910 	0.469
97	190.36	1904 	0.474
98	189.72	1897 	0.479
99	189.09	1891 	0.483
100	188.47	1885 	0.488
101	187.85	1879 	0.493
102	187.24	1872 	0.498
103	186.64	1866 	0.503
104	186.04	1860 	0.508
105	185.45	1854 	0.513
106	184.86	1849 	0.518
107	184.28	1843 	0.522
108	183.71	1837 	0.527
109	183.14	1831 	0.532
110	182.58	1826 	0.537
111	182.02	1820 	0.542
112	181.47	1815 	0.547
113	180.92	1809 	0.552
114	180.38	1804 	0.557
115	179.84	1798 	0.562
116	179.31	1793 	0.566
117	178.78	1788 	0.571
118	178.25	1783 	0.576
119	177.74	1777 	0.581
120	177.22	1772 	0.586
121	176.71	1767 	0.591
122	176.21	1762 	0.596
123	175.71	1757 	0.601
124	175.21	1752 	0.605
125	174.72	1747 	0.610
126	174.23	1742 	0.615
127	173.74	1737 	0.620
128	173.26	1733 	0.625
129	172.79	1728 	0.630
130	172.31	1723 	0.635
131	171.84	1718 	0.640
132	171.38	1714 	0.645
133	170.92	1709 	0.649
134	170.46	1705 	0.654
135	170.00	1700 	0.659
136	169.55	1696 	0.664
137	169.10	1691 	0.669
138	168.66	1687 	0.674
139	168.22	1682 	0.679
140	167.78	1678 	0.684
141	167.34	1673 	0.688
142	166.91	1669 	0.693
143	166.48	1665 	0.698
144	166.06	1661 	0.703
145	165.63	1656 	0.708
146	165.21	1652 	0.713
147	164.79	1648 	0.718
148	164.38	1644 	0.723
149	163.97	1640 	0.728
150	163.56	1636 	0.732
151	163.15	1632 	0.737
152	162.75	1628 	0.742
153	162.35	1623 	0.747
154	161.95	1620 	0.752
155	161.56	1616 	0.757
156	161.16	1612 	0.762
157	160.77	1608 	0.767
158	160.38	1604 	0.771
159	160.00	1600 	0.776
160	159.62	1596 	0.781
161	159.23	1592 	0.786
162	158.86	1589 	0.791
163	158.48	1585 	0.796
164	158.11	1581 	0.801
165	157.73	1577 	0.806
166	157.36	1574 	0.811
167	157.00	1570 	0.815
168	156.63	1566 	0.820
169	156.27	1563 	0.825
170	155.91	1559 	0.830
171	155.55	1555 	0.835
172	155.19	1552 	0.840
173	154.84	1548 	0.845
174	154.48	1545 	0.850
175	154.13	1541 	0.854
176	153.78	1538 	0.859
177	153.44	1534 	0.864
178	153.09	1531 	0.869
179	152.75	1527 	0.874
180	152.41	1524 	0.879
181	152.07	1521 	0.884
182	151.73	1517 	0.889
183	151.39	1514 	0.894
184	151.06	1511 	0.898
185	150.73	1507 	0.903
186	150.40	1504 	0.908
187	150.07	1501 	0.913
188	149.74	1497 	0.918
189	149.41	1494 	0.923
190	149.09	1491 	0.928
191	148.77	1488 	0.933
192	148.45	1484 	0.938
193	148.13	1481 	0.942
194	147.81	1478 	0.947
195	147.49	1475 	0.952
196	147.18	1472 	0.957
197	146.86	1469 	0.962
198	146.55	1466 	0.967
199	146.24	1462 	0.972
200	145.93	1459 	0.977
201	145.63	1456 	0.981
202	145.32	1453 	0.986
203	145.02	1450 	0.991
204	144.71	1447 	0.996
205	144.41	1444 	1.001
206	144.11	1441 	1.006
207	143.81	1438 	1.011
208	143.51	1435 	1.016
209	143.22	1432 	1.021
210	142.92	1429 	1.025
211	142.63	1426 	1.030
212	142.34	1423 	1.035
213	142.04	1420 	1.040
214	141.75	1418 	1.045
215	141.47	1415 	1.050
216	141.18	1412 	1.055
217	140.89	1409 	1.060
218	140.61	1406 	1.064
219	140.32	1403 	1.069
220	140.04	1400 	1.074
221	139.76	1398 	1.079
222	139.48	1395 	1.084
223	139.20	1392 	1.089
224	138.92	1389 	1.094
225	138.64	1386 	1.099
226	138.37	1384 	1.104
227	138.09	1381 	1.108
228	137.82	1378 	1.113
229	137.55	1375 	1.118
230	137.27	1373 	1.123
231	137.00	1370 	1.128
232	136.73	1367 	1.133
233	136.47	1365 	1.138
234	136.20	1362 	1.143
235	135.93	1359 	1.147
236	135.67	1357 	1.152
237	135.40	1354 	1.157
238	135.14	1351 	1.162
239	134.88	1349 	1.167
240	134.61	1346 	1.172
241	134.35	1344 	1.177
242	134.09	1341 	1.182
243	133.84	1338 	1.187
244	133.58	1336 	1.191
245	133.32	1333 	1.196
246	133.07	1331 	1.201
247	132.81	1328 	1.206
248	132.56	1326 	1.211
249	132.30	1323 	1.216
250	132.05	1321 	1.221
251	131.80	1318 	1.226
252	131.55	1315 	1.230
253	131.30	1313 	1.235
254	131.05	1310 	1.240
255	130.80	1308 	1.245
256	130.55	1306 	1.250
257	130.31	1303 	1.255
258	130.06	1301 	1.260
259	129.82	1298 	1.265
260	129.57	1296 	1.270
261	129.33	1293 	1.274
262	129.09	1291 	1.279
263	128.85	1288 	1.284
264	128.61	1286 	1.289
265	128.37	1284 	1.294
266	128.13	1281 	1.299
267	127.89	1279 	1.304
268	127.65	1276 	1.309
269	127.41	1274 	1.313
270	127.18	1272 	1.318
271	126.94	1269 	1.323
272	126.71	1267 	1.328
273	126.47	1265 	1.333
274	126.24	1262 	1.338
275	126.00	1260 	1.343
276	125.77	1258 	1.348
277	125.54	1255 	1.353
278	125.31	1253 	1.357
279	125.08	1251 	1.362
280	124.85	1249 	1.367
281	124.62	1246 	1.372
282	124.39	1244 	1.377
283	124.17	1242 	1.382
284	123.94	1239 	1.387
285	123.71	1237 	1.392
286	123.49	1235 	1.396
287	123.26	1233 	1.401
288	123.04	1230 	1.406
289	122.82	1228 	1.411
290	122.59	1226 	1.416
291	122.37	1224 	1.421
292	122.15	1221 	1.426
293	121.93	1219 	1.431
294	121.71	1217 	1.436
295	121.49	1215 	1.440
296	121.27	1213 	1.445
297	121.05	1210 	1.450
298	120.83	1208 	1.455
299	120.61	1206 	1.460
300	120.40	1204 	1.465
301	120.18	1202 	1.470
302	119.96	1200 	1.475
303	119.75	1197 	1.479
304	119.53	1195 	1.484
305	119.32	1193 	1.489
306	119.11	1191 	1.494
307	118.89	1189 	1.499
308	118.68	1187 	1.504
309	118.47	1185 	1.509
310	118.26	1183 	1.514
311	118.04	1180 	1.519
312	117.83	1178 	1.523
313	117.62	1176 	1.528
314	117.41	1174 	1.533
315	117.21	1172 	1.538
316	117.00	1170 	1.543
317	116.79	1168 	1.548
318	116.58	1166 	1.553
319	116.37	1164 	1.558
320	116.17	1162 	1.563
321	115.96	1160 	1.567
322	115.76	1158 	1.572
323	115.55	1156 	1.577
324	115.35	1153 	1.582
325	115.14	1151 	1.587
326	114.94	1149 	1.592
327	114.73	1147 	1.597
328	114.53	1145 	1.602
329	114.33	1143 	1.606
330	114.13	1141 	1.611
331	113.93	1139 	1.616
332	113.72	1137 	1.621
333	113.52	1135 	1.626
334	113.32	1133 	1.631
335	113.12	1131 	1.636
336	112.92	1129 	1.641
337	112.73	1127 	1.646
338	112.53	1125 	1.650
339	112.33	1123 	1.655
340	112.13	1121 	1.660
341	111.93	1119 	1.665
342	111.74	1117 	1.670
343	111.54	1115 	1.675
344	111.34	1113 	1.680
345	111.15	1111 	1.685
346	110.95	1110 	1.689
347	110.76	1108 	1.694
348	110.56	1106 	1.699
349	110.37	1104 	1.704
350	110.18	1102 	1.709
351	109.98	1100 	1.714
352	109.79	1098 	1.719
353	109.60	1096 	1.724
354	109.41	1094 	1.729
355	109.21	1092 	1.733
356	109.02	1090 	1.738
357	108.83	1088 	1.743
358	108.64	1086 	1.748
359	108.45	1084 	1.753
360	108.26	1083 	1.758
361	108.07	1081 	1.763
362	107.88	1079 	1.768
363	107.69	1077 	1.772
364	107.50	1075 	1.777
365	107.31	1073 	1.782
366	107.13	1071 	1.787
367	106.94	1069 	1.792
368	106.75	1068 	1.797
369	106.56	1066 	1.802
370	106.38	1064 	1.807
371	106.19	1062 	1.812
372	106.01	1060 	1.816
373	105.82	1058 	1.821
374	105.63	1056 	1.826
375	105.45	1054 	1.831
376	105.26	1053 	1.836
377	105.08	1051 	1.841
378	104.90	1049 	1.846
379	104.71	1047 	1.851
380	104.53	1045 	1.855
381	104.35	1043 	1.860
382	104.16	1042 	1.865
383	103.98	1040 	1.870
384	103.80	1038 	1.875
385	103.62	1036 	1.880
386	103.43	1034 	1.885
387	103.25	1033 	1.890
388	103.07	1031 	1.895
389	102.89	1029 	1.899
390	102.71	1027 	1.904
391	102.53	1025 	1.909
392	102.35	1023 	1.914
393	102.17	1022 	1.919
394	101.99	1020 	1.924
395	101.81	1018 	1.929
396	101.63	1016 	1.934
397	101.45	1015 	1.938
398	101.27	1013 	1.943
399	101.10	1011 	1.948
400	100.92	1009 	1.953
401	100.74	1007 	1.958
402	100.56	1006 	1.963
403	100.39	1004 	1.968
404	100.21	1002 	1.973
405	100.03	1000 	1.978
406	99.86	999 	1.982
407	99.68	997 	1.987
408	99.50	995 	1.992
409	99.33	993 	1.997
410	99.15	992 	2.002
411	98.98	990 	2.007
412	98.80	988 	2.012
413	98.63	986 	2.017
414	98.45	985 	2.021
415	98.28	983 	2.026
416	98.10	981 	2.031
417	97.93	979 	2.036
418	97.76	978 	2.041
419	97.58	976 	2.046
420	97.41	974 	2.051
421	97.24	972 	2.056
422	97.07	971 	2.061
423	96.89	969 	2.065
424	96.72	967 	2.070
425	96.55	965 	2.075
426	96.38	964 	2.080
427	96.20	962 	2.085
428	96.03	960 	2.090
429	95.86	959 	2.095
430	95.69	957 	2.100
431	95.52	955 	2.104
432	95.35	953 	2.109
433	95.18	952 	2.114
434	95.01	950 	2.119
435	94.84	948 	2.124
436	94.67	947 	2.129
437	94.50	945 	2.134
438	94.33	943 	2.139
439	94.16	942 	2.144
440	93.99	940 	2.148
441	93.82	938 	2.153
442	93.65	937 	2.158
443	93.48	935 	2.163
444	93.32	933 	2.168
445	93.15	931 	2.173
446	92.98	930 	2.178
447	92.81	928 	2.183
448	92.64	926 	2.188
449	92.48	925 	2.192
450	92.31	923 	2.197
451	92.14	921 	2.202
452	91.97	920 	2.207
453	91.81	918 	2.212
454	91.64	916 	2.217
455	91.47	915 	2.222
456	91.31	913 	2.227
457	91.14	911 	2.231
458	90.98	910 	2.236
459	90.81	908 	2.241
460	90.64	906 	2.246
461	90.48	905 	2.251
462	90.31	903 	2.256
463	90.15	901 	2.261
464	89.98	900 	2.266
465	89.82	898 	2.271
466	89.65	897 	2.275
467	89.49	895 	2.280
468	89.32	893 	2.285
469	89.16	892 	2.290
470	88.99	890 	2.295
471	88.83	888 	2.300
472	88.67	887 	2.305
473	88.50	885 	2.310
474	88.34	883 	2.314
475	88.17	882 	2.319
476	88.01	880 	2.324
477	87.85	878 	2.329
478	87.68	877 	2.334
479	87.52	875 	2.339
480	87.36	874 	2.344
481	87.19	872 	2.349
482	87.03	870 	2.354
483	86.87	869 	2.358
484	86.71	867 	2.363
485	86.54	865 	2.368
486	86.38	864 	2.373
487	86.22	862 	2.378
488	86.06	861 	2.383
489	85.90	859 	2.388
490	85.73	857 	2.393
491	85.57	856 	2.397
492	85.41	854 	2.402
493	85.25	852 	2.407
494	85.09	851 	2.412
495	84.93	849 	2.417
496	84.76	848 	2.422
497	84.60	846 	2.427
498	84.44	844 	2.432
499	84.28	843 	2.437
500	84.12	841 	2.441
501	83.96	840 	2.446
502	83.80	838 	2.451
503	83.64	836 	2.456
504	83.48	835 	2.461
505	83.32	833 	2.466
506	83.16	832 	2.471
507	83.00	830 	2.476
508	82.84	828 	2.480
509	82.68	827 	2.485
510	82.52	825 	2.490
511	82.36	824 	2.495
512	82.20	822 	2.500
513	82.04	820 	2.505
514	81.88	819 	2.510
515	81.72	817 	2.515
516	81.56	816 	2.520
517	81.40	814 	2.524
518	81.24	812 	2.529
519	81.08	811 	2.534
520	80.92	809 	2.539
521	80.76	808 	2.544
522	80.60	806 	2.549
523	80.45	804 	2.554
524	80.29	803 	2.559
525	80.13	801 	2.563
526	79.97	800 	2.568
527	79.81	798 	2.573
528	79.65	797 	2.578
529	79.49	795 	2.583
530	79.33	793 	2.588
531	79.18	792 	2.593
532	79.02	790 	2.598
533	78.86	789 	2.603
534	78.70	787 	2.607
535	78.54	785 	2.612
536	78.38	784 	2.617
537	78.23	782 	2.622
538	78.07	781 	2.627
539	77.91	779 	2.632
540	77.75	778 	2.637
541	77.59	776 	2.642
542	77.44	774 	2.646
543	77.28	773 	2.651
544	77.12	771 	2.656
545	76.96	770 	2.661
546	76.80	768 	2.666
547	76.65	766 	2.671
548	76.49	765 	2.676
549	76.33	763 	2.681
550	76.17	762 	2.686
551	76.02	760 	2.690
552	75.86	759 	2.695
553	75.70	757 	2.700
554	75.54	755 	2.705
555	75.39	754 	2.710
556	75.23	752 	2.715
557	75.07	751 	2.720
558	74.91	749 	2.725
559	74.76	748 	2.729
560	74.60	746 	2.734
561	74.44	744 	2.739
562	74.28	743 	2.744
563	74.13	741 	2.749
564	73.97	740 	2.754
565	73.81	738 	2.759
566	73.66	737 	2.764
567	73.50	735 	2.769
568	73.34	733 	2.773
569	73.18	732 	2.778
570	73.03	730 	2.783
571	72.87	729 	2.788
572	72.71	727 	2.793
573	72.56	726 	2.798
574	72.40	724 	2.803
575	72.24	722 	2.808
576	72.08	721 	2.813
577	71.93	719 	2.817
578	71.77	718 	2.822
579	71.61	716 	2.827
580	71.46	715 	2.832
581	71.30	713 	2.837
582	71.14	711 	2.842
583	70.98	710 	2.847
584	70.83	708 	2.852
585	70.67	707 	2.856
586	70.51	705 	2.861
587	70.35	704 	2.866
588	70.20	702 	2.871
589	70.04	700 	2.876
590	69.88	699 	2.881
591	69.73	697 	2.886
592	69.57	696 	2.891
593	69.41	694 	2.896
594	69.25	693 	2.900
595	69.10	691 	2.905
596	68.94	689 	2.910
597	68.78	688 	2.915
598	68.62	686 	2.920
599	68.47	685 	2.925
600	68.31	683 	2.930
601	68.15	682 	2.935
602	67.99	680 	2.939
603	67.84	678 	2.944
604	67.68	677 	2.949
605	67.52	675 	2.954
606	67.36	674 	2.959
607	67.21	672 	2.964
608	67.05	670 	2.969
609	66.89	669 	2.974
610	66.73	667 	2.979
611	66.57	666 	2.983
612	66.42	664 	2.988
613	66.26	663 	2.993
614	66.10	661 	2.998
615	65.94	659 	3.003
616	65.78	658 	3.008
617	65.63	656 	3.013
618	65.47	655 	3.018
619	65.31	653 	3.022
620	65.15	652 	3.027
621	64.99	650 	3.032
622	64.83	648 	3.037
623	64.68	647 	3.042
624	64.52	645 	3.047
625	64.36	644 	3.052
626	64.20	642 	3.057
627	64.04	640 	3.062
628	63.88	639 	3.066
629	63.72	637 	3.071
630	63.56	636 	3.076
631	63.40	634 	3.081
632	63.25	632 	3.086
633	63.09	631 	3.091
634	62.93	629 	3.096
635	62.77	628 	3.101
636	62.61	626 	3.105
637	62.45	624 	3.110
638	62.29	623 	3.115
639	62.13	621 	3.120
640	61.97	620 	3.125
641	61.81	618 	3.130
642	61.65	616 	3.135
643	61.49	615 	3.140
644	61.33	613 	3.145
645	61.17	612 	3.149
646	61.01	610 	3.154
647	60.85	608 	3.159
648	60.69	607 	3.164
649	60.53	605 	3.169
650	60.37	604 	3.174
651	60.21	602 	3.179
652	60.05	600 	3.184
653	59.88	599 	3.188
654	59.72	597 	3.193
655	59.56	596 	3.198
656	59.40	594 	3.203
657	59.24	592 	3.208
658	59.08	591 	3.213
659	58.92	589 	3.218
660	58.75	588 	3.223
661	58.59	586 	3.228
662	58.43	584 	3.232
663	58.27	583 	3.237
664	58.11	581 	3.242
665	57.94	579 	3.247
666	57.78	578 	3.252
667	57.62	576 	3.257
668	57.46	575 	3.262
669	57.29	573 	3.267
670	57.13	571 	3.271
671	56.97	570 	3.276
672	56.80	568 	3.281
673	56.64	566 	3.286
674	56.48	565 	3.291
675	56.31	563 	3.296
676	56.15	562 	3.301
677	55.99	560 	3.306
678	55.82	558 	3.311
679	55.66	557 	3.315
680	55.49	555 	3.320
681	55.33	553 	3.325
682	55.16	552 	3.330
683	55.00	550 	3.335
684	54.84	548 	3.340
685	54.67	547 	3.345
686	54.50	545 	3.350
687	54.34	543 	3.354
688	54.17	542 	3.359
689	54.01	540 	3.364
690	53.84	538 	3.369
691	53.68	537 	3.374
692	53.51	535 	3.379
693	53.34	533 	3.384
694	53.18	532 	3.389
695	53.01	530 	3.394
696	52.84	528 	3.398
697	52.68	527 	3.403
698	52.51	525 	3.408
699	52.34	523 	3.413
700	52.17	522 	3.418
701	52.01	520 	3.423
702	51.84	518 	3.428
703	51.67	517 	3.433
704	51.50	515 	3.438
705	51.33	513 	3.442
706	51.16	512 	3.447
707	50.99	510 	3.452
708	50.83	508 	3.457
709	50.66	507 	3.462
710	50.49	505 	3.467
711	50.32	503 	3.472
712	50.15	501 	3.477
713	49.98	500 	3.481
714	49.81	498 	3.486
715	49.63	496 	3.491
716	49.46	495 	3.496
717	49.29	493 	3.501
718	49.12	491 	3.506
719	48.95	489 	3.511
720	48.78	488 	3.516
721	48.61	486 	3.521
722	48.43	484 	3.525
723	48.26	483 	3.530
724	48.09	481 	3.535
725	47.92	479 	3.540
726	47.74	477 	3.545
727	47.57	476 	3.550
728	47.39	474 	3.555
729	47.22	472 	3.560
730	47.05	470 	3.564
731	46.87	469 	3.569
732	46.70	467 	3.574
733	46.52	465 	3.579
734	46.35	463 	3.584
735	46.17	462 	3.589
736	46.00	460 	3.594
737	45.82	458 	3.599
738	45.64	456 	3.604
739	45.47	455 	3.608
740	45.29	453 	3.613
741	45.11	451 	3.618
742	44.94	449 	3.623
743	44.76	448 	3.628
744	44.58	446 	3.633
745	44.40	444 	3.638
746	44.22	442 	3.643
747	44.04	440 	3.647
748	43.86	439 	3.652
749	43.68	437 	3.657
750	43.50	435 	3.662
751	43.32	433 	3.667
752	43.14	431 	3.672
753	42.96	430 	3.677
754	42.78	428 	3.682
755	42.60	426 	3.687
756	42.42	424 	3.691
757	42.24	422 	3.696
758	42.05	421 	3.701
759	41.87	419 	3.706
760	41.69	417 	3.711
761	41.51	415 	3.716
762	41.32	413 	3.721
763	41.14	411 	3.726
764	40.95	410 	3.730
765	40.77	408 	3.735
766	40.58	406 	3.740
767	40.40	404 	3.745
768	40.21	402 	3.750
769	40.02	400 	3.755
770	39.84	398 	3.760
771	39.65	397 	3.765
772	39.46	395 	3.770
773	39.28	393 	3.774
774	39.09	391 	3.779
775	38.90	389 	3.784
776	38.71	387 	3.789
777	38.52	385 	3.794
778	38.33	383 	3.799
779	38.14	381 	3.804
780	37.95	379 	3.809
781	37.76	378 	3.813
782	37.57	376 	3.818
783	37.37	374 	3.823
784	37.18	372 	3.828
785	36.99	370 	3.833
786	36.80	368 	3.838
787	36.60	366 	3.843
788	36.41	364 	3.848
789	36.21	362 	3.853
790	36.02	360 	3.857
791	35.82	358 	3.862
792	35.63	356 	3.867
793	35.43	354 	3.872
794	35.23	352 	3.877
795	35.04	350 	3.882
796	34.84	348 	3.887
797	34.64	346 	3.892
798	34.44	344 	3.896
799	34.24	342 	3.901
800	34.04	340 	3.906
801	33.84	338 	3.911
802	33.64	336 	3.916
803	33.44	334 	3.921
804	33.24	332 	3.926
805	33.04	330 	3.931
806	32.83	328 	3.936
807	32.63	326 	3.940
808	32.42	324 	3.945
809	32.22	322 	3.950
810	32.01	320 	3.955
811	31.81	318 	3.960
812	31.60	316 	3.965
813	31.40	314 	3.970
814	31.19	312 	3.975
815	30.98	310 	3.979
816	30.77	308 	3.984
817	30.56	306 	3.989
818	30.35	304 	3.994
819	30.14	301 	3.999
820	29.93	299 	4.004
821	29.72	297 	4.009
822	29.51	295 	4.014
823	29.29	293 	4.019
824	29.08	291 	4.023
825	28.86	289 	4.028
826	28.65	286 	4.033
827	28.43	284 	4.038
828	28.22	282 	4.043
829	28.00	280 	4.048
830	27.78	278 	4.053
831	27.56	276 	4.058
832	27.34	273 	4.063
833	27.12	271 	4.067
834	26.90	269 	4.072
835	26.68	267 	4.077
836	26.46	265 	4.082
837	26.24	262 	4.087
838	26.01	260 	4.092
839	25.79	258 	4.097
840	25.56	256 	4.102
841	25.34	253 	4.106
842	25.11	251 	4.111
843	24.88	249 	4.116
844	24.65	247 	4.121
845	24.42	244 	4.126
846	24.19	242 	4.131
847	23.96	240 	4.136
848	23.73	237 	4.141
849	23.50	235 	4.146
850	23.27	233 	4.150
851	23.03	230 	4.155
852	22.80	228 	4.160
853	22.56	226 	4.165
854	22.32	223 	4.170
855	22.08	221 	4.175
856	21.84	218 	4.180
857	21.60	216 	4.185
858	21.36	214 	4.189
859	21.12	211 	4.194
860	20.88	209 	4.199
861	20.63	206 	4.204
862	20.39	204 	4.209
863	20.14	201 	4.214
864	19.90	199 	4.219
865	19.65	196 	4.224
866	19.40	194 	4.229
867	19.15	191 	4.233
868	18.90	189 	4.238
869	18.64	186 	4.243
870	18.39	184 	4.248
871	18.14	181 	4.253
872	17.88	179 	4.258
873	17.62	176 	4.263
874	17.36	174 	4.268
875	17.10	171 	4.272
876	16.84	168 	4.277
877	16.58	166 	4.282
878	16.32	163 	4.287
879	16.05	161 	4.292
880	15.79	158 	4.297
881	15.52	155 	4.302
882	15.25	153 	4.307
883	14.98	150 	4.312
884	14.71	147 	4.316
885	14.44	144 	4.321
886	14.16	142 	4.326
887	13.89	139 	4.331
888	13.61	136 	4.336
889	13.33	133 	4.341
890	13.05	131 	4.346
891	12.77	128 	4.351
892	12.49	125 	4.355
893	12.20	122 	4.360
894	11.92	119 	4.365
895	11.63	116 	4.370
896	11.34	113 	4.375
897	11.05	111 	4.380
898	10.76	108 	4.385
899	10.46	105 	4.390
900	10.17	102 	4.395
901	9.87	99 	4.399
902	9.57	96 	4.404
903	9.27	93 	4.409
904	8.96	90 	4.414
905	8.66	87 	4.419
906	8.35	84 	4.424
907	8.04	80 	4.429
908	7.73	77 	4.434
909	7.42	74 	4.438
910	7.10	71 	4.443
911	6.78	68 	4.448
912	6.46	65 	4.453
913	6.14	61 	4.458
914	5.82	58 	4.463
915	5.49	55 	4.468
916	5.16	52 	4.473
917	4.83	48 	4.478
918	4.50	45 	4.482
919	4.16	42 	4.487
920	3.83	38 	4.492
921	3.49	35 	4.497
922	3.14	31 	4.502
923	2.80	28 	4.507
924	2.45	24 	4.512
925	2.10	21 	4.517
926	1.74	17 	4.521
927	1.39	14 	4.526
928	1.03	10 	4.531
929	0.66	7 	4.536
930	0.30	3 	4.541
931	-0.07	-1 	4.546
932	-0.44	-4 	4.551
933	-0.82	-8 	4.556
934	-1.20	-12 	4.561
935	-1.58	-16 	4.565
936	-1.96	-20 	4.570
937	-2.35	-24 	4.575
938	-2.75	-27 	4.580
939	-3.14	-31 	4.585
940	-3.54	-35 	4.590
941	-3.94	-39 	4.595
942	-4.35	-44 	4.600
943	-4.76	-48 	4.604
944	-5.18	-52 	4.609
945	-5.60	-56 	4.614
946	-6.02	-60 	4.619
947	-6.45	-65 	4.624
948	-6.89	-69 	4.629
949	-7.32	-73 	4.634
950	-7.77	-78 	4.639
951	-8.21	-82 	4.644
952	-8.67	-87 	4.648
953	-9.12	-91 	4.653
954	-9.59	-96 	4.658
955	-10.06	-101 	4.663
956	-10.53	-105 	4.668
957	-11.01	-110 	4.673
958	-11.50	-115 	4.678
959	-11.99	-120 	4.683
960	-12.49	-125 	4.688
961	-12.99	-130 	4.692
962	-13.50	-135 	4.697
963	-14.02	-140 	4.702
964	-14.55	-145 	4.707
965	-15.08	-151 	4.712
966	-15.62	-156 	4.717
967	-16.17	-162 	4.722
968	-16.73	-167 	4.727
969	-17.29	-173 	4.731
970	-17.87	-179 	4.736
971	-18.45	-185 	4.741
972	-19.04	-190 	4.746
973	-19.65	-196 	4.751
974	-20.26	-203 	4.756
975	-20.88	-209 	4.761
976	-21.52	-215 	4.766
977	-22.16	-222 	4.771
978	-22.82	-228 	4.775
979	-23.49	-235 	4.780
980	-24.17	-242 	4.785
981	-24.87	-249 	4.790
982	-25.58	-256 	4.795
983	-26.31	-263 	4.800
984	-27.05	-270 	4.805
985	-27.81	-278 	4.810
986	-28.58	-286 	4.814
987	-29.38	-294 	4.819
988	-30.19	-302 	4.824
989	-31.02	-310 	4.829
990	-31.88	-319 	4.834
991	-32.75	-328 	4.839
992	-33.65	-337 	4.844
993	-34.58	-346 	4.849
994	-35.53	-355 	4.854
995	-36.51	-365 	4.858
996	-37.52	-375 	4.863
997	-38.57	-386 	4.868
998	-39.65	-397 	4.873
999	180.00	1800 	4.878
1000	180.00	1800 	4.883
1001	180.00	1800 	4.888
1002	180.00	1800 	4.893
1003	180.00	1800 	4.897
1004	180.00	1800 	4.902
1005	180.00	1800 	4.907
1006	180.00	1800 	4.912
1007	180.00	1800 	4.917
1008	180.00	1800 	4.922
1009	180.00	1800 	4.927
1010	180.00	1800 	4.932
1011	180.00	1800 	4.937
1012	180.00	1800 	4.941
1013	180.00	1800 	4.946
1014	180.00	1800 	4.951
1015	180.00	1800 	4.956
1016	180.00	1800 	4.961
1017	180.00	1800 	4.966
1018	180.00	1800 	4.971
1019	180.00	1800 	4.976
1020	180.00	1800 	4.980
1021	180.00	1800 	4.985
1022	180.00	1800 	4.990
1023	180.00	1800 	4.995
