//------------------------------------------------------------------------------
//--  Generated by TunerStudio 
//--  Date: 9-1-2012
//--  Time: 16:52
//--  This file merely records what was sent to your Controller,        
//--  and may be deleted at any time.                                                    
//--  Selected type: Air Temperature Sensor 
//------------------------------------------------------------------------------

//-- generated using refTable Generator:thermGenerator
//-- Table Identifier:001//--    Generated by ThermTableGenerator using user input values. 
//--    Bias Resistor value: 2490.0 Ohms
//--    Temperature1: 48(F), 	Resistance 1: 7000 Ohms 
//--    Temperature2: 87(F), 	Resistance 2: 1930 Ohms 
//--    Temperature3: 146(F), 	Resistance 3: 560 Ohms 
//-- 

//----------------------------------------------------------//
ADC 	Value 	MSVal 	volts
0	70.00	700 	0.000
1	70.00	700 	0.005
2	70.00	700 	0.010
3	70.00	700 	0.015
4	70.00	700 	0.020
5	70.00	700 	0.024
6	70.00	700 	0.029
7	70.00	700 	0.034
8	70.00	700 	0.039
9	70.00	700 	0.044
10	70.00	700 	0.049
11	70.00	700 	0.054
12	70.00	700 	0.059
13	70.00	700 	0.063
14	70.00	700 	0.068
15	70.00	700 	0.073
16	70.00	700 	0.078
17	70.00	700 	0.083
18	70.00	700 	0.088
19	70.00	700 	0.093
20	70.00	700 	0.098
21	70.00	700 	0.103
22	70.00	700 	0.107
23	349.93	3499 	0.112
24	344.20	3442 	0.117
25	338.79	3388 	0.122
26	333.68	3337 	0.127
27	328.83	3288 	0.132
28	324.21	3242 	0.137
29	319.82	3198 	0.142
30	315.64	3156 	0.146
31	311.63	3116 	0.151
32	307.81	3078 	0.156
33	304.14	3041 	0.161
34	300.62	3006 	0.166
35	297.24	2972 	0.171
36	293.98	2940 	0.176
37	290.85	2908 	0.181
38	287.83	2878 	0.186
39	284.91	2849 	0.190
40	282.10	2821 	0.195
41	279.37	2794 	0.200
42	276.74	2767 	0.205
43	274.19	2742 	0.210
44	271.72	2717 	0.215
45	269.32	2693 	0.220
46	266.99	2670 	0.225
47	264.73	2647 	0.229
48	262.53	2625 	0.234
49	260.39	2604 	0.239
50	258.31	2583 	0.244
51	256.29	2563 	0.249
52	254.31	2543 	0.254
53	252.39	2524 	0.259
54	250.51	2505 	0.264
55	248.68	2487 	0.269
56	246.90	2469 	0.273
57	245.15	2452 	0.278
58	243.45	2434 	0.283
59	241.78	2418 	0.288
60	240.15	2402 	0.293
61	238.56	2386 	0.298
62	237.00	2370 	0.303
63	235.47	2355 	0.308
64	233.97	2340 	0.313
65	232.51	2325 	0.317
66	231.07	2311 	0.322
67	229.66	2297 	0.327
68	228.28	2283 	0.332
69	226.93	2269 	0.337
70	225.60	2256 	0.342
71	224.30	2243 	0.347
72	223.02	2230 	0.352
73	221.76	2218 	0.356
74	220.52	2205 	0.361
75	219.31	2193 	0.366
76	218.12	2181 	0.371
77	216.95	2169 	0.376
78	215.79	2158 	0.381
79	214.66	2147 	0.386
80	213.54	2135 	0.391
81	212.45	2124 	0.396
82	211.37	2114 	0.400
83	210.30	2103 	0.405
84	209.26	2093 	0.410
85	208.23	2082 	0.415
86	207.21	2072 	0.420
87	206.21	2062 	0.425
88	205.22	2052 	0.430
89	204.25	2043 	0.435
90	203.30	2033 	0.439
91	202.35	2024 	0.444
92	201.42	2014 	0.449
93	200.50	2005 	0.454
94	199.60	1996 	0.459
95	198.71	1987 	0.464
96	197.83	1978 	0.469
97	196.96	1970 	0.474
98	196.10	1961 	0.479
99	195.25	1953 	0.483
100	194.42	1944 	0.488
101	193.59	1936 	0.493
102	192.78	1928 	0.498
103	191.97	1920 	0.503
104	191.18	1912 	0.508
105	190.39	1904 	0.513
106	189.62	1896 	0.518
107	188.85	1889 	0.522
108	188.09	1881 	0.527
109	187.34	1873 	0.532
110	186.60	1866 	0.537
111	185.87	1859 	0.542
112	185.15	1851 	0.547
113	184.43	1844 	0.552
114	183.73	1837 	0.557
115	183.03	1830 	0.562
116	182.34	1823 	0.566
117	181.65	1817 	0.571
118	180.97	1810 	0.576
119	180.31	1803 	0.581
120	179.64	1796 	0.586
121	178.99	1790 	0.591
122	178.34	1783 	0.596
123	177.69	1777 	0.601
124	177.06	1771 	0.605
125	176.43	1764 	0.610
126	175.81	1758 	0.615
127	175.19	1752 	0.620
128	174.58	1746 	0.625
129	173.97	1740 	0.630
130	173.37	1734 	0.635
131	172.78	1728 	0.640
132	172.19	1722 	0.645
133	171.61	1716 	0.649
134	171.03	1710 	0.654
135	170.46	1705 	0.659
136	169.89	1699 	0.664
137	169.33	1693 	0.669
138	168.77	1688 	0.674
139	168.22	1682 	0.679
140	167.68	1677 	0.684
141	167.13	1671 	0.688
142	166.60	1666 	0.693
143	166.07	1661 	0.698
144	165.54	1655 	0.703
145	165.01	1650 	0.708
146	164.50	1645 	0.713
147	163.98	1640 	0.718
148	163.47	1635 	0.723
149	162.96	1630 	0.728
150	162.46	1625 	0.732
151	161.96	1620 	0.737
152	161.47	1615 	0.742
153	160.98	1610 	0.747
154	160.50	1605 	0.752
155	160.01	1600 	0.757
156	159.53	1595 	0.762
157	159.06	1591 	0.767
158	158.59	1586 	0.771
159	158.12	1581 	0.776
160	157.66	1577 	0.781
161	157.20	1572 	0.786
162	156.74	1567 	0.791
163	156.29	1563 	0.796
164	155.84	1558 	0.801
165	155.39	1554 	0.806
166	154.95	1549 	0.811
167	154.51	1545 	0.815
168	154.07	1541 	0.820
169	153.64	1536 	0.825
170	153.21	1532 	0.830
171	152.78	1528 	0.835
172	152.35	1524 	0.840
173	151.93	1519 	0.845
174	151.51	1515 	0.850
175	151.10	1511 	0.854
176	150.68	1507 	0.859
177	150.27	1503 	0.864
178	149.87	1499 	0.869
179	149.46	1495 	0.874
180	149.06	1491 	0.879
181	148.66	1487 	0.884
182	148.26	1483 	0.889
183	147.87	1479 	0.894
184	147.48	1475 	0.898
185	147.09	1471 	0.903
186	146.70	1467 	0.908
187	146.32	1463 	0.913
188	145.94	1459 	0.918
189	145.56	1456 	0.923
190	145.18	1452 	0.928
191	144.80	1448 	0.933
192	144.43	1444 	0.938
193	144.06	1441 	0.942
194	143.69	1437 	0.947
195	143.33	1433 	0.952
196	142.97	1430 	0.957
197	142.60	1426 	0.962
198	142.25	1422 	0.967
199	141.89	1419 	0.972
200	141.53	1415 	0.977
201	141.18	1412 	0.981
202	140.83	1408 	0.986
203	140.48	1405 	0.991
204	140.14	1401 	0.996
205	139.79	1398 	1.001
206	139.45	1394 	1.006
207	139.11	1391 	1.011
208	138.77	1388 	1.016
209	138.43	1384 	1.021
210	138.10	1381 	1.025
211	137.76	1378 	1.030
212	137.43	1374 	1.035
213	137.10	1371 	1.040
214	136.78	1368 	1.045
215	136.45	1365 	1.050
216	136.13	1361 	1.055
217	135.80	1358 	1.060
218	135.48	1355 	1.064
219	135.16	1352 	1.069
220	134.85	1348 	1.074
221	134.53	1345 	1.079
222	134.22	1342 	1.084
223	133.91	1339 	1.089
224	133.59	1336 	1.094
225	133.29	1333 	1.099
226	132.98	1330 	1.104
227	132.67	1327 	1.108
228	132.37	1324 	1.113
229	132.06	1321 	1.118
230	131.76	1318 	1.123
231	131.46	1315 	1.128
232	131.16	1312 	1.133
233	130.87	1309 	1.138
234	130.57	1306 	1.143
235	130.28	1303 	1.147
236	129.99	1300 	1.152
237	129.69	1297 	1.157
238	129.40	1294 	1.162
239	129.12	1291 	1.167
240	128.83	1288 	1.172
241	128.54	1285 	1.177
242	128.26	1283 	1.182
243	127.98	1280 	1.187
244	127.69	1277 	1.191
245	127.41	1274 	1.196
246	127.13	1271 	1.201
247	126.86	1269 	1.206
248	126.58	1266 	1.211
249	126.30	1263 	1.216
250	126.03	1260 	1.221
251	125.76	1258 	1.226
252	125.49	1255 	1.230
253	125.22	1252 	1.235
254	124.95	1249 	1.240
255	124.68	1247 	1.245
256	124.41	1244 	1.250
257	124.15	1241 	1.255
258	123.88	1239 	1.260
259	123.62	1236 	1.265
260	123.36	1234 	1.270
261	123.09	1231 	1.274
262	122.83	1228 	1.279
263	122.58	1226 	1.284
264	122.32	1223 	1.289
265	122.06	1221 	1.294
266	121.80	1218 	1.299
267	121.55	1216 	1.304
268	121.30	1213 	1.309
269	121.04	1210 	1.313
270	120.79	1208 	1.318
271	120.54	1205 	1.323
272	120.29	1203 	1.328
273	120.04	1200 	1.333
274	119.80	1198 	1.338
275	119.55	1195 	1.343
276	119.30	1193 	1.348
277	119.06	1191 	1.353
278	118.82	1188 	1.357
279	118.57	1186 	1.362
280	118.33	1183 	1.367
281	118.09	1181 	1.372
282	117.85	1179 	1.377
283	117.61	1176 	1.382
284	117.37	1174 	1.387
285	117.14	1171 	1.392
286	116.90	1169 	1.396
287	116.67	1167 	1.401
288	116.43	1164 	1.406
289	116.20	1162 	1.411
290	115.97	1160 	1.416
291	115.73	1157 	1.421
292	115.50	1155 	1.426
293	115.27	1153 	1.431
294	115.04	1150 	1.436
295	114.82	1148 	1.440
296	114.59	1146 	1.445
297	114.36	1144 	1.450
298	114.14	1141 	1.455
299	113.91	1139 	1.460
300	113.69	1137 	1.465
301	113.46	1135 	1.470
302	113.24	1132 	1.475
303	113.02	1130 	1.479
304	112.80	1128 	1.484
305	112.58	1126 	1.489
306	112.36	1124 	1.494
307	112.14	1121 	1.499
308	111.92	1119 	1.504
309	111.70	1117 	1.509
310	111.49	1115 	1.514
311	111.27	1113 	1.519
312	111.05	1111 	1.523
313	110.84	1108 	1.528
314	110.63	1106 	1.533
315	110.41	1104 	1.538
316	110.20	1102 	1.543
317	109.99	1100 	1.548
318	109.78	1098 	1.553
319	109.57	1096 	1.558
320	109.36	1094 	1.563
321	109.15	1092 	1.567
322	108.94	1089 	1.572
323	108.73	1087 	1.577
324	108.53	1085 	1.582
325	108.32	1083 	1.587
326	108.12	1081 	1.592
327	107.91	1079 	1.597
328	107.71	1077 	1.602
329	107.50	1075 	1.606
330	107.30	1073 	1.611
331	107.10	1071 	1.616
332	106.90	1069 	1.621
333	106.70	1067 	1.626
334	106.50	1065 	1.631
335	106.30	1063 	1.636
336	106.10	1061 	1.641
337	105.90	1059 	1.646
338	105.70	1057 	1.650
339	105.50	1055 	1.655
340	105.31	1053 	1.660
341	105.11	1051 	1.665
342	104.91	1049 	1.670
343	104.72	1047 	1.675
344	104.52	1045 	1.680
345	104.33	1043 	1.685
346	104.14	1041 	1.689
347	103.94	1039 	1.694
348	103.75	1038 	1.699
349	103.56	1036 	1.704
350	103.37	1034 	1.709
351	103.18	1032 	1.714
352	102.99	1030 	1.719
353	102.80	1028 	1.724
354	102.61	1026 	1.729
355	102.42	1024 	1.733
356	102.23	1022 	1.738
357	102.05	1020 	1.743
358	101.86	1019 	1.748
359	101.67	1017 	1.753
360	101.49	1015 	1.758
361	101.30	1013 	1.763
362	101.12	1011 	1.768
363	100.93	1009 	1.772
364	100.75	1008 	1.777
365	100.57	1006 	1.782
366	100.38	1004 	1.787
367	100.20	1002 	1.792
368	100.02	1000 	1.797
369	99.84	998 	1.802
370	99.66	997 	1.807
371	99.48	995 	1.812
372	99.30	993 	1.816
373	99.12	991 	1.821
374	98.94	989 	1.826
375	98.76	988 	1.831
376	98.58	986 	1.836
377	98.41	984 	1.841
378	98.23	982 	1.846
379	98.05	981 	1.851
380	97.88	979 	1.855
381	97.70	977 	1.860
382	97.52	975 	1.865
383	97.35	973 	1.870
384	97.18	972 	1.875
385	97.00	970 	1.880
386	96.83	968 	1.885
387	96.65	967 	1.890
388	96.48	965 	1.895
389	96.31	963 	1.899
390	96.14	961 	1.904
391	95.97	960 	1.909
392	95.79	958 	1.914
393	95.62	956 	1.919
394	95.45	955 	1.924
395	95.28	953 	1.929
396	95.11	951 	1.934
397	94.95	949 	1.938
398	94.78	948 	1.943
399	94.61	946 	1.948
400	94.44	944 	1.953
401	94.27	943 	1.958
402	94.11	941 	1.963
403	93.94	939 	1.968
404	93.77	938 	1.973
405	93.61	936 	1.978
406	93.44	934 	1.982
407	93.28	933 	1.987
408	93.11	931 	1.992
409	92.95	929 	1.997
410	92.78	928 	2.002
411	92.62	926 	2.007
412	92.46	925 	2.012
413	92.29	923 	2.017
414	92.13	921 	2.021
415	91.97	920 	2.026
416	91.81	918 	2.031
417	91.65	916 	2.036
418	91.48	915 	2.041
419	91.32	913 	2.046
420	91.16	912 	2.051
421	91.00	910 	2.056
422	90.84	908 	2.061
423	90.68	907 	2.065
424	90.52	905 	2.070
425	90.37	904 	2.075
426	90.21	902 	2.080
427	90.05	900 	2.085
428	89.89	899 	2.090
429	89.73	897 	2.095
430	89.58	896 	2.100
431	89.42	894 	2.104
432	89.26	893 	2.109
433	89.11	891 	2.114
434	88.95	890 	2.119
435	88.80	888 	2.124
436	88.64	886 	2.129
437	88.49	885 	2.134
438	88.33	883 	2.139
439	88.18	882 	2.144
440	88.02	880 	2.148
441	87.87	879 	2.153
442	87.72	877 	2.158
443	87.56	876 	2.163
444	87.41	874 	2.168
445	87.26	873 	2.173
446	87.11	871 	2.178
447	86.95	870 	2.183
448	86.80	868 	2.188
449	86.65	867 	2.192
450	86.50	865 	2.197
451	86.35	863 	2.202
452	86.20	862 	2.207
453	86.05	860 	2.212
454	85.90	859 	2.217
455	85.75	857 	2.222
456	85.60	856 	2.227
457	85.45	855 	2.231
458	85.30	853 	2.236
459	85.15	852 	2.241
460	85.00	850 	2.246
461	84.86	849 	2.251
462	84.71	847 	2.256
463	84.56	846 	2.261
464	84.41	844 	2.266
465	84.27	843 	2.271
466	84.12	841 	2.275
467	83.97	840 	2.280
468	83.83	838 	2.285
469	83.68	837 	2.290
470	83.54	835 	2.295
471	83.39	834 	2.300
472	83.25	832 	2.305
473	83.10	831 	2.310
474	82.96	830 	2.314
475	82.81	828 	2.319
476	82.67	827 	2.324
477	82.52	825 	2.329
478	82.38	824 	2.334
479	82.24	822 	2.339
480	82.09	821 	2.344
481	81.95	820 	2.349
482	81.81	818 	2.354
483	81.67	817 	2.358
484	81.52	815 	2.363
485	81.38	814 	2.368
486	81.24	812 	2.373
487	81.10	811 	2.378
488	80.96	810 	2.383
489	80.82	808 	2.388
490	80.67	807 	2.393
491	80.53	805 	2.397
492	80.39	804 	2.402
493	80.25	803 	2.407
494	80.11	801 	2.412
495	79.97	800 	2.417
496	79.83	798 	2.422
497	79.69	797 	2.427
498	79.56	796 	2.432
499	79.42	794 	2.437
500	79.28	793 	2.441
501	79.14	791 	2.446
502	79.00	790 	2.451
503	78.86	789 	2.456
504	78.72	787 	2.461
505	78.59	786 	2.466
506	78.45	784 	2.471
507	78.31	783 	2.476
508	78.18	782 	2.480
509	78.04	780 	2.485
510	77.90	779 	2.490
511	77.76	778 	2.495
512	77.63	776 	2.500
513	77.49	775 	2.505
514	77.36	774 	2.510
515	77.22	772 	2.515
516	77.09	771 	2.520
517	76.95	770 	2.524
518	76.81	768 	2.529
519	76.68	767 	2.534
520	76.55	765 	2.539
521	76.41	764 	2.544
522	76.28	763 	2.549
523	76.14	761 	2.554
524	76.01	760 	2.559
525	75.87	759 	2.563
526	75.74	757 	2.568
527	75.61	756 	2.573
528	75.47	755 	2.578
529	75.34	753 	2.583
530	75.21	752 	2.588
531	75.07	751 	2.593
532	74.94	749 	2.598
533	74.81	748 	2.603
534	74.68	747 	2.607
535	74.55	745 	2.612
536	74.41	744 	2.617
537	74.28	743 	2.622
538	74.15	741 	2.627
539	74.02	740 	2.632
540	73.89	739 	2.637
541	73.76	738 	2.642
542	73.62	736 	2.646
543	73.49	735 	2.651
544	73.36	734 	2.656
545	73.23	732 	2.661
546	73.10	731 	2.666
547	72.97	730 	2.671
548	72.84	728 	2.676
549	72.71	727 	2.681
550	72.58	726 	2.686
551	72.45	725 	2.690
552	72.32	723 	2.695
553	72.19	722 	2.700
554	72.07	721 	2.705
555	71.94	719 	2.710
556	71.81	718 	2.715
557	71.68	717 	2.720
558	71.55	716 	2.725
559	71.42	714 	2.729
560	71.29	713 	2.734
561	71.17	712 	2.739
562	71.04	710 	2.744
563	70.91	709 	2.749
564	70.78	708 	2.754
565	70.65	707 	2.759
566	70.53	705 	2.764
567	70.40	704 	2.769
568	70.27	703 	2.773
569	70.15	701 	2.778
570	70.02	700 	2.783
571	69.89	699 	2.788
572	69.77	698 	2.793
573	69.64	696 	2.798
574	69.51	695 	2.803
575	69.39	694 	2.808
576	69.26	693 	2.813
577	69.13	691 	2.817
578	69.01	690 	2.822
579	68.88	689 	2.827
580	68.76	688 	2.832
581	68.63	686 	2.837
582	68.51	685 	2.842
583	68.38	684 	2.847
584	68.26	683 	2.852
585	68.13	681 	2.856
586	68.01	680 	2.861
587	67.88	679 	2.866
588	67.76	678 	2.871
589	67.63	676 	2.876
590	67.51	675 	2.881
591	67.38	674 	2.886
592	67.26	673 	2.891
593	67.14	671 	2.896
594	67.01	670 	2.900
595	66.89	669 	2.905
596	66.76	668 	2.910
597	66.64	666 	2.915
598	66.52	665 	2.920
599	66.39	664 	2.925
600	66.27	663 	2.930
601	66.15	661 	2.935
602	66.02	660 	2.939
603	65.90	659 	2.944
604	65.78	658 	2.949
605	65.66	657 	2.954
606	65.53	655 	2.959
607	65.41	654 	2.964
608	65.29	653 	2.969
609	65.17	652 	2.974
610	65.04	650 	2.979
611	64.92	649 	2.983
612	64.80	648 	2.988
613	64.68	647 	2.993
614	64.56	646 	2.998
615	64.43	644 	3.003
616	64.31	643 	3.008
617	64.19	642 	3.013
618	64.07	641 	3.018
619	63.95	639 	3.022
620	63.83	638 	3.027
621	63.71	637 	3.032
622	63.58	636 	3.037
623	63.46	635 	3.042
624	63.34	633 	3.047
625	63.22	632 	3.052
626	63.10	631 	3.057
627	62.98	630 	3.062
628	62.86	629 	3.066
629	62.74	627 	3.071
630	62.62	626 	3.076
631	62.50	625 	3.081
632	62.38	624 	3.086
633	62.26	623 	3.091
634	62.14	621 	3.096
635	62.02	620 	3.101
636	61.90	619 	3.105
637	61.78	618 	3.110
638	61.66	617 	3.115
639	61.54	615 	3.120
640	61.42	614 	3.125
641	61.30	613 	3.130
642	61.18	612 	3.135
643	61.06	611 	3.140
644	60.94	609 	3.145
645	60.82	608 	3.149
646	60.70	607 	3.154
647	60.58	606 	3.159
648	60.46	605 	3.164
649	60.34	603 	3.169
650	60.23	602 	3.174
651	60.11	601 	3.179
652	59.99	600 	3.184
653	59.87	599 	3.188
654	59.75	597 	3.193
655	59.63	596 	3.198
656	59.51	595 	3.203
657	59.39	594 	3.208
658	59.28	593 	3.213
659	59.16	592 	3.218
660	59.04	590 	3.223
661	58.92	589 	3.228
662	58.80	588 	3.232
663	58.68	587 	3.237
664	58.57	586 	3.242
665	58.45	584 	3.247
666	58.33	583 	3.252
667	58.21	582 	3.257
668	58.09	581 	3.262
669	57.98	580 	3.267
670	57.86	579 	3.271
671	57.74	577 	3.276
672	57.62	576 	3.281
673	57.51	575 	3.286
674	57.39	574 	3.291
675	57.27	573 	3.296
676	57.15	572 	3.301
677	57.03	570 	3.306
678	56.92	569 	3.311
679	56.80	568 	3.315
680	56.68	567 	3.320
681	56.57	566 	3.325
682	56.45	564 	3.330
683	56.33	563 	3.335
684	56.21	562 	3.340
685	56.10	561 	3.345
686	55.98	560 	3.350
687	55.86	559 	3.354
688	55.75	557 	3.359
689	55.63	556 	3.364
690	55.51	555 	3.369
691	55.39	554 	3.374
692	55.28	553 	3.379
693	55.16	552 	3.384
694	55.04	550 	3.389
695	54.93	549 	3.394
696	54.81	548 	3.398
697	54.69	547 	3.403
698	54.58	546 	3.408
699	54.46	545 	3.413
700	54.34	543 	3.418
701	54.23	542 	3.423
702	54.11	541 	3.428
703	53.99	540 	3.433
704	53.88	539 	3.438
705	53.76	538 	3.442
706	53.64	536 	3.447
707	53.53	535 	3.452
708	53.41	534 	3.457
709	53.30	533 	3.462
710	53.18	532 	3.467
711	53.06	531 	3.472
712	52.95	529 	3.477
713	52.83	528 	3.481
714	52.71	527 	3.486
715	52.60	526 	3.491
716	52.48	525 	3.496
717	52.36	524 	3.501
718	52.25	522 	3.506
719	52.13	521 	3.511
720	52.02	520 	3.516
721	51.90	519 	3.521
722	51.78	518 	3.525
723	51.67	517 	3.530
724	51.55	516 	3.535
725	51.44	514 	3.540
726	51.32	513 	3.545
727	51.20	512 	3.550
728	51.09	511 	3.555
729	50.97	510 	3.560
730	50.85	509 	3.564
731	50.74	507 	3.569
732	50.62	506 	3.574
733	50.51	505 	3.579
734	50.39	504 	3.584
735	50.27	503 	3.589
736	50.16	502 	3.594
737	50.04	500 	3.599
738	49.93	499 	3.604
739	49.81	498 	3.608
740	49.69	497 	3.613
741	49.58	496 	3.618
742	49.46	495 	3.623
743	49.35	493 	3.628
744	49.23	492 	3.633
745	49.11	491 	3.638
746	49.00	490 	3.643
747	48.88	489 	3.647
748	48.76	488 	3.652
749	48.65	486 	3.657
750	48.53	485 	3.662
751	48.42	484 	3.667
752	48.30	483 	3.672
753	48.18	482 	3.677
754	48.07	481 	3.682
755	47.95	480 	3.687
756	47.84	478 	3.691
757	47.72	477 	3.696
758	47.60	476 	3.701
759	47.49	475 	3.706
760	47.37	474 	3.711
761	47.25	473 	3.716
762	47.14	471 	3.721
763	47.02	470 	3.726
764	46.91	469 	3.730
765	46.79	468 	3.735
766	46.67	467 	3.740
767	46.56	466 	3.745
768	46.44	464 	3.750
769	46.32	463 	3.755
770	46.21	462 	3.760
771	46.09	461 	3.765
772	45.97	460 	3.770
773	45.86	459 	3.774
774	45.74	457 	3.779
775	45.62	456 	3.784
776	45.51	455 	3.789
777	45.39	454 	3.794
778	45.27	453 	3.799
779	45.16	452 	3.804
780	45.04	450 	3.809
781	44.92	449 	3.813
782	44.81	448 	3.818
783	44.69	447 	3.823
784	44.57	446 	3.828
785	44.46	445 	3.833
786	44.34	443 	3.838
787	44.22	442 	3.843
788	44.10	441 	3.848
789	43.99	440 	3.853
790	43.87	439 	3.857
791	43.75	438 	3.862
792	43.64	436 	3.867
793	43.52	435 	3.872
794	43.40	434 	3.877
795	43.28	433 	3.882
796	43.17	432 	3.887
797	43.05	430 	3.892
798	42.93	429 	3.896
799	42.81	428 	3.901
800	42.70	427 	3.906
801	42.58	426 	3.911
802	42.46	425 	3.916
803	42.34	423 	3.921
804	42.23	422 	3.926
805	42.11	421 	3.931
806	41.99	420 	3.936
807	41.87	419 	3.940
808	41.75	418 	3.945
809	41.64	416 	3.950
810	41.52	415 	3.955
811	41.40	414 	3.960
812	41.28	413 	3.965
813	41.16	412 	3.970
814	41.04	410 	3.975
815	40.93	409 	3.979
816	40.81	408 	3.984
817	40.69	407 	3.989
818	40.57	406 	3.994
819	40.45	405 	3.999
820	40.33	403 	4.004
821	40.21	402 	4.009
822	40.09	401 	4.014
823	39.98	400 	4.019
824	39.86	399 	4.023
825	39.74	397 	4.028
826	39.62	396 	4.033
827	39.50	395 	4.038
828	39.38	394 	4.043
829	39.26	393 	4.048
830	39.14	391 	4.053
831	39.02	390 	4.058
832	38.90	389 	4.063
833	38.78	388 	4.067
834	38.66	387 	4.072
835	38.54	385 	4.077
836	38.42	384 	4.082
837	38.30	383 	4.087
838	38.18	382 	4.092
839	38.06	381 	4.097
840	37.94	379 	4.102
841	37.82	378 	4.106
842	37.70	377 	4.111
843	37.58	376 	4.116
844	37.46	375 	4.121
845	37.34	373 	4.126
846	37.22	372 	4.131
847	37.10	371 	4.136
848	36.98	370 	4.141
849	36.86	369 	4.146
850	36.74	367 	4.150
851	36.61	366 	4.155
852	36.49	365 	4.160
853	36.37	364 	4.165
854	36.25	363 	4.170
855	36.13	361 	4.175
856	36.01	360 	4.180
857	35.89	359 	4.185
858	35.76	358 	4.189
859	35.64	356 	4.194
860	35.52	355 	4.199
861	35.40	354 	4.204
862	35.28	353 	4.209
863	35.15	352 	4.214
864	35.03	350 	4.219
865	34.91	349 	4.224
866	34.79	348 	4.229
867	34.66	347 	4.233
868	34.54	345 	4.238
869	34.42	344 	4.243
870	34.29	343 	4.248
871	34.17	342 	4.253
872	34.05	340 	4.258
873	33.92	339 	4.263
874	33.80	338 	4.268
875	33.68	337 	4.272
876	33.55	336 	4.277
877	33.43	334 	4.282
878	33.31	333 	4.287
879	33.18	332 	4.292
880	33.06	331 	4.297
881	32.94	329 	4.302
882	32.81	328 	4.307
883	32.69	327 	4.312
884	32.56	326 	4.316
885	32.44	324 	4.321
886	32.31	323 	4.326
887	32.19	322 	4.331
888	32.06	321 	4.336
889	31.94	319 	4.341
890	31.81	318 	4.346
891	31.69	317 	4.351
892	31.56	316 	4.355
893	31.44	314 	4.360
894	31.31	313 	4.365
895	31.19	312 	4.370
896	31.06	311 	4.375
897	30.94	309 	4.380
898	30.81	308 	4.385
899	30.69	307 	4.390
900	30.56	306 	4.395
901	30.43	304 	4.399
902	30.31	303 	4.404
903	30.18	302 	4.409
904	30.06	301 	4.414
905	29.93	299 	4.419
906	29.80	298 	4.424
907	29.68	297 	4.429
908	29.55	295 	4.434
909	29.42	294 	4.438
910	29.30	293 	4.443
911	29.17	292 	4.448
912	29.04	290 	4.453
913	28.92	289 	4.458
914	28.79	288 	4.463
915	28.66	287 	4.468
916	28.54	285 	4.473
917	28.41	284 	4.478
918	28.28	283 	4.482
919	28.15	282 	4.487
920	28.03	280 	4.492
921	27.90	279 	4.497
922	27.77	278 	4.502
923	27.65	276 	4.507
924	27.52	275 	4.512
925	27.39	274 	4.517
926	27.27	273 	4.521
927	27.14	271 	4.526
928	27.01	270 	4.531
929	26.88	269 	4.536
930	26.76	268 	4.541
931	26.63	266 	4.546
932	26.50	265 	4.551
933	26.38	264 	4.556
934	26.25	263 	4.561
935	26.12	261 	4.565
936	26.00	260 	4.570
937	25.87	259 	4.575
938	25.75	257 	4.580
939	25.62	256 	4.585
940	25.49	255 	4.590
941	25.37	254 	4.595
942	25.24	252 	4.600
943	25.12	251 	4.604
944	24.99	250 	4.609
945	24.87	249 	4.614
946	24.74	247 	4.619
947	24.62	246 	4.624
948	24.50	245 	4.629
949	24.37	244 	4.634
950	24.25	243 	4.639
951	24.13	241 	4.644
952	24.01	240 	4.648
953	23.89	239 	4.653
954	23.76	238 	4.658
955	23.64	236 	4.663
956	23.52	235 	4.668
957	23.41	234 	4.673
958	23.29	233 	4.678
959	23.17	232 	4.683
960	23.05	231 	4.688
961	22.94	229 	4.692
962	22.82	228 	4.697
963	22.71	227 	4.702
964	22.60	226 	4.707
965	22.49	225 	4.712
966	22.38	224 	4.717
967	22.27	223 	4.722
968	22.16	222 	4.727
969	22.05	221 	4.731
970	21.95	220 	4.736
971	21.85	218 	4.741
972	21.75	217 	4.746
973	21.65	216 	4.751
974	21.55	216 	4.756
975	21.46	215 	4.761
976	21.37	214 	4.766
977	21.28	213 	4.771
978	21.20	212 	4.775
979	21.11	211 	4.780
980	21.04	210 	4.785
981	20.96	210 	4.790
982	20.89	209 	4.795
983	20.82	208 	4.800
984	20.76	208 	4.805
985	20.71	207 	4.810
986	20.66	207 	4.814
987	20.61	206 	4.819
988	20.57	206 	4.824
989	20.54	205 	4.829
990	20.52	205 	4.834
991	20.51	205 	4.839
992	20.50	205 	4.844
993	20.51	205 	4.849
994	20.53	205 	4.854
995	20.56	206 	4.858
996	20.60	206 	4.863
997	20.66	207 	4.868
998	20.74	207 	4.873
999	20.84	208 	4.878
1000	20.96	210 	4.883
1001	21.10	211 	4.888
1002	21.28	213 	4.893
1003	21.48	215 	4.897
1004	21.73	217 	4.902
1005	22.01	220 	4.907
1006	22.35	223 	4.912
1007	22.74	227 	4.917
1008	23.20	232 	4.922
1009	23.75	237 	4.927
1010	24.39	244 	4.932
1011	25.14	251 	4.937
1012	26.05	260 	4.941
1013	27.14	271 	4.946
1014	28.46	285 	4.951
1015	30.10	301 	4.956
1016	32.15	322 	4.961
1017	34.80	348 	4.966
1018	38.33	383 	4.971
1019	43.26	433 	4.976
1020	50.71	507 	4.980
1021	63.50	635 	4.985
1022	92.84	928 	4.990
1023	0.00	0 	4.995
